#
# There is insufficient memory for the Java Runtime Environment to continue.
# Native memory allocation (malloc) failed to allocate 46016 bytes for Chunk::new
# Possible reasons:
#   The system is out of physical RAM or swap space
#   In 32 bit mode, the process size limit was hit
# Possible solutions:
#   Reduce memory load on the system
#   Increase physical memory or swap space
#   Check if swap backing store is full
#   Use 64 bit Java on a 64 bit OS
#   Decrease Java heap size (-Xmx/-Xms)
#   Decrease number of Java threads
#   Decrease Java thread stack sizes (-Xss)
#   Set larger code cache with -XX:ReservedCodeCacheSize=
# This output file may be truncated or incomplete.
#
#  Out of Memory Error (allocation.cpp:390), pid=9740, tid=0x00000000000038bc
#
# JRE version: Java(TM) SE Runtime Environment (8.0_181-b13) (build 1.8.0_181-b13)
# Java VM: Java HotSpot(TM) 64-Bit Server VM (25.181-b13 mixed mode windows-amd64 compressed oops)
# Failed to write core dump. Minidumps are not enabled by default on client versions of Windows
#

---------------  T H R E A D  ---------------

Current thread (0x0000000015359800):  JavaThread "C2 CompilerThread1" daemon [_thread_in_native, id=14524, stack(0x0000000016ab0000,0x0000000016bb0000)]

Stack: [0x0000000016ab0000,0x0000000016bb0000]
[error occurred during error reporting (printing stack bounds), id 0xc0000005]

Native frames: (J=compiled Java code, j=interpreted, Vv=VM code, C=native code)


Current CompileTask:
C2:  35507 6518       4       java.net.URLStreamHandler::sameFile (136 bytes)


---------------  P R O C E S S  ---------------

Java Threads: ( => current thread )
  0x000000001a4ac800 JavaThread "Cache worker for Build Output Cleanup Cache (C:\Users\danie\Documents\React\adedonha\android\.gradle\buildOutputCleanup)" [_thread_blocked, id=12708, stack(0x0000000021b40000,0x0000000021c40000)]
  0x000000001a4a5800 JavaThread "Cache worker for task history cache (C:\Users\danie\Documents\React\adedonha\android\.gradle\4.10.2\taskHistory)" [_thread_blocked, id=15844, stack(0x0000000021a40000,0x0000000021b40000)]
  0x000000001a4a2800 JavaThread "Task worker for ':' Thread 3" [_thread_blocked, id=13612, stack(0x0000000021940000,0x0000000021a40000)]
  0x000000001a4a3800 JavaThread "Task worker for ':' Thread 2" [_thread_blocked, id=728, stack(0x0000000021840000,0x0000000021940000)]
  0x000000001a4a9800 JavaThread "Task worker for ':'" [_thread_blocked, id=9432, stack(0x0000000021740000,0x0000000021840000)]
  0x000000001a4a8800 JavaThread "Cache worker for file content cache (C:\Users\danie\Documents\React\adedonha\android\.gradle\4.10.2\fileContent)" [_thread_blocked, id=1932, stack(0x0000000021540000,0x0000000021640000)]
  0x000000001a4a8000 JavaThread "Cache worker for file content cache (C:\Users\danie\.gradle\caches\4.10.2\fileContent)" [_thread_blocked, id=5692, stack(0x0000000021440000,0x0000000021540000)]
  0x000000001a4a7000 JavaThread "Memory manager" [_thread_blocked, id=5460, stack(0x0000000021140000,0x0000000021240000)]
  0x000000001a49f800 JavaThread "pool-1-thread-1" [_thread_blocked, id=15228, stack(0x000000001fde0000,0x000000001fee0000)]
  0x000000001a4a1000 JavaThread "Build operations Thread 4" [_thread_blocked, id=14056, stack(0x000000001fce0000,0x000000001fde0000)]
  0x000000001a4a6800 JavaThread "Build operations Thread 3" [_thread_blocked, id=4084, stack(0x000000001fbe0000,0x000000001fce0000)]
  0x00000000185a7800 JavaThread "Build operations Thread 2" [_thread_blocked, id=14832, stack(0x000000001fae0000,0x000000001fbe0000)]
  0x00000000185aa800 JavaThread "Build operations" [_thread_blocked, id=6312, stack(0x000000001f9e0000,0x000000001fae0000)]
  0x00000000185a9800 JavaThread "Cache worker for Artifact transforms cache (C:\Users\danie\.gradle\caches\transforms-1)" [_thread_blocked, id=13380, stack(0x000000001f6e0000,0x000000001f7e0000)]
  0x00000000185ae000 JavaThread "Cache worker for cache directory md-rule (C:\Users\danie\.gradle\caches\4.10.2\md-rule)" [_thread_blocked, id=12732, stack(0x000000001e610000,0x000000001e710000)]
  0x00000000185ad800 JavaThread "Cache worker for cache directory md-supplier (C:\Users\danie\.gradle\caches\4.10.2\md-supplier)" [_thread_blocked, id=9144, stack(0x000000001e170000,0x000000001e270000)]
  0x00000000185a9000 JavaThread "Cache worker for journal cache (C:\Users\danie\.gradle\caches\journal-1)" [_thread_blocked, id=6396, stack(0x000000001c350000,0x000000001c450000)]
  0x00000000185ac000 JavaThread "Cache worker for file hash cache (C:\Users\danie\Documents\React\adedonha\android\.gradle\4.10.2\fileHashes)" [_thread_blocked, id=14644, stack(0x000000001b280000,0x000000001b380000)]
  0x00000000185a8000 JavaThread "File lock request listener" [_thread_in_native, id=3216, stack(0x000000001aee0000,0x000000001afe0000)]
  0x00000000185ab000 JavaThread "Cache worker for file hash cache (C:\Users\danie\.gradle\caches\4.10.2\fileHashes)" [_thread_blocked, id=11096, stack(0x000000001abe0000,0x000000001ace0000)]
  0x00000000184a0000 JavaThread "Stdin handler" [_thread_blocked, id=10536, stack(0x0000000019910000,0x0000000019a10000)]
  0x000000001849d000 JavaThread "Asynchronous log dispatcher for DefaultDaemonConnection: socket connection from /127.0.0.1:3760 to /127.0.0.1:3761" [_thread_blocked, id=16336, stack(0x0000000019810000,0x0000000019910000)]
  0x0000000018495000 JavaThread "Daemon worker" [_thread_blocked, id=14692, stack(0x0000000019710000,0x0000000019810000)]
  0x0000000018491800 JavaThread "Cancel handler" [_thread_blocked, id=17116, stack(0x0000000019610000,0x0000000019710000)]
  0x000000001836f000 JavaThread "Handler for socket connection from /127.0.0.1:3760 to /127.0.0.1:3761" [_thread_in_native, id=12276, stack(0x0000000019510000,0x0000000019610000)]
  0x0000000018470000 JavaThread "Daemon" [_thread_blocked, id=4360, stack(0x0000000019410000,0x0000000019510000)]
  0x0000000018409800 JavaThread "Daemon periodic checks" [_thread_blocked, id=15552, stack(0x0000000019310000,0x0000000019410000)]
  0x0000000018404000 JavaThread "Incoming local TCP Connector on port 3760" [_thread_in_native, id=17252, stack(0x00000000190c0000,0x00000000191c0000)]
  0x00000000183d2800 JavaThread "Daemon health stats" [_thread_blocked, id=10708, stack(0x0000000018a80000,0x0000000018b80000)]
  0x0000000016cdb000 JavaThread "Service Thread" daemon [_thread_blocked, id=7252, stack(0x00000000170b0000,0x00000000171b0000)]
  0x000000001535c000 JavaThread "C1 CompilerThread2" daemon [_thread_blocked, id=2676, stack(0x0000000016bb0000,0x0000000016cb0000)]
=>0x0000000015359800 JavaThread "C2 CompilerThread1" daemon [_thread_in_native, id=14524, stack(0x0000000016ab0000,0x0000000016bb0000)]
  0x0000000015355800 JavaThread "C2 CompilerThread0" daemon [_thread_in_native, id=12088, stack(0x00000000169b0000,0x0000000016ab0000)]
  0x0000000015354800 JavaThread "Attach Listener" daemon [_thread_blocked, id=16924, stack(0x00000000168b0000,0x00000000169b0000)]
  0x0000000015353800 JavaThread "Signal Dispatcher" daemon [_thread_blocked, id=2092, stack(0x00000000167b0000,0x00000000168b0000)]
  0x000000001533a800 JavaThread "Finalizer" daemon [_thread_blocked, id=13520, stack(0x00000000165a0000,0x00000000166a0000)]
  0x0000000015319000 JavaThread "Reference Handler" daemon [_thread_blocked, id=17356, stack(0x00000000164a0000,0x00000000165a0000)]
  0x0000000002a8e800 JavaThread "main" [_thread_blocked, id=7408, stack(0x0000000002980000,0x0000000002a80000)]

Other Threads:
  0x0000000015317800 VMThread [stack: 0x00000000163a0000,0x00000000164a0000] [id=6764]
  0x0000000016cf6800 WatcherThread [stack: 0x00000000171b0000,0x00000000172b0000] [id=13604]

VM state:at safepoint (normal execution)

VM Mutex/Monitor currently owned by a thread:  ([mutex/lock_event])
[0x0000000002b80650] Threads_lock - owner thread: 0x0000000015317800
[0x0000000002b80b50] Heap_lock - owner thread: 0x0000000018495000

Heap:
 PSYoungGen      total 114688K, used 0K [0x00000000eab00000, 0x00000000f2b80000, 0x0000000100000000)
  eden space 99840K, 0% used [0x00000000eab00000,0x00000000eab00000,0x00000000f0c80000)
  from space 14848K, 0% used [0x00000000f0c80000,0x00000000f0c80000,0x00000000f1b00000)
  to   space 12800K, 0% used [0x00000000f1b00000,0x00000000f1b00000,0x00000000f2780000)
 ParOldGen       total 93696K, used 40426K [0x00000000c0000000, 0x00000000c5b80000, 0x00000000eab00000)
  object space 93696K, 43% used [0x00000000c0000000,0x00000000c277a820,0x00000000c5b80000)
 Metaspace       used 60327K, capacity 62174K, committed 62232K, reserved 1110016K
  class space    used 8456K, capacity 8997K, committed 9008K, reserved 1048576K

Card table byte_map: [0x0000000012040000,0x0000000012250000] byte_map_base: 0x0000000011a40000

Marking Bits: (ParMarkBitMap*) 0x0000000052c42d00
 Begin Bits: [0x00000000127b0000, 0x00000000137b0000)
 End Bits:   [0x00000000137b0000, 0x00000000147b0000)

Polling page: 0x00000000010a0000

CodeCache: size=245760Kb used=19408Kb max_used=19689Kb free=226351Kb
 bounds [0x0000000002c80000, 0x0000000003fd0000, 0x0000000011c80000]
 total_blobs=6720 nmethods=5924 adapters=707
 compilation: enabled

Compilation events (10 events):
Event: 35.260 Thread 0x000000001535c000 6513 % !   3       java.util.concurrent.ConcurrentHashMap::transfer @ 376 (832 bytes)
Event: 35.262 Thread 0x000000001535c000 nmethod 6513% 0x0000000003106a50 code [0x0000000003106da0, 0x0000000003109748]
Event: 35.275 Thread 0x000000001535c000 6514       3       org.slf4j.LoggerFactory::getLogger (12 bytes)
Event: 35.275 Thread 0x000000001535c000 nmethod 6514 0x0000000002f101d0 code [0x0000000002f10340, 0x0000000002f10578]
Event: 35.275 Thread 0x000000001535c000 6515       3       org.gradle.internal.logging.slf4j.OutputEventListenerBackedLoggerContext::getLogger (69 bytes)
Event: 35.275 Thread 0x000000001535c000 nmethod 6515 0x0000000002e5a0d0 code [0x0000000002e5a2a0, 0x0000000002e5ab88]
Event: 35.334 Thread 0x000000001535c000 6516       3       java.security.SecureClassLoader::defineClass (16 bytes)
Event: 35.334 Thread 0x000000001535c000 nmethod 6516 0x0000000002f0fd10 code [0x0000000002f0fe80, 0x0000000002f100f8]
Event: 35.341 Thread 0x0000000015355800 6517   !   4       java.net.URL::<init> (543 bytes)
Event: 35.351 Thread 0x0000000015359800 6518       4       java.net.URLStreamHandler::sameFile (136 bytes)

GC Heap History (10 events):
Event: 32.317 GC heap after
Heap after GC invocations=19 (full 3):
 PSYoungGen      total 112640K, used 1792K [0x00000000eab00000, 0x00000000f2b80000, 0x0000000100000000)
  eden space 99840K, 0% used [0x00000000eab00000,0x00000000eab00000,0x00000000f0c80000)
  from space 12800K, 14% used [0x00000000f1b00000,0x00000000f1cc0000,0x00000000f2780000)
  to   space 14848K, 0% used [0x00000000f0c80000,0x00000000f0c80000,0x00000000f1b00000)
 ParOldGen       total 93696K, used 35624K [0x00000000c0000000, 0x00000000c5b80000, 0x00000000eab00000)
  object space 93696K, 38% used [0x00000000c0000000,0x00000000c22ca2c8,0x00000000c5b80000)
 Metaspace       used 57925K, capacity 59712K, committed 59800K, reserved 1103872K
  class space    used 8105K, capacity 8594K, committed 8624K, reserved 1048576K
}
Event: 32.317 GC heap before
{Heap before GC invocations=20 (full 4):
 PSYoungGen      total 112640K, used 1792K [0x00000000eab00000, 0x00000000f2b80000, 0x0000000100000000)
  eden space 99840K, 0% used [0x00000000eab00000,0x00000000eab00000,0x00000000f0c80000)
  from space 12800K, 14% used [0x00000000f1b00000,0x00000000f1cc0000,0x00000000f2780000)
  to   space 14848K, 0% used [0x00000000f0c80000,0x00000000f0c80000,0x00000000f1b00000)
 ParOldGen       total 93696K, used 35624K [0x00000000c0000000, 0x00000000c5b80000, 0x00000000eab00000)
  object space 93696K, 38% used [0x00000000c0000000,0x00000000c22ca2c8,0x00000000c5b80000)
 Metaspace       used 57925K, capacity 59712K, committed 59800K, reserved 1103872K
  class space    used 8105K, capacity 8594K, committed 8624K, reserved 1048576K
Event: 32.421 GC heap after
Heap after GC invocations=20 (full 4):
 PSYoungGen      total 112640K, used 0K [0x00000000eab00000, 0x00000000f2b80000, 0x0000000100000000)
  eden space 99840K, 0% used [0x00000000eab00000,0x00000000eab00000,0x00000000f0c80000)
  from space 12800K, 0% used [0x00000000f1b00000,0x00000000f1b00000,0x00000000f2780000)
  to   space 14848K, 0% used [0x00000000f0c80000,0x00000000f0c80000,0x00000000f1b00000)
 ParOldGen       total 93696K, used 37067K [0x00000000c0000000, 0x00000000c5b80000, 0x00000000eab00000)
  object space 93696K, 39% used [0x00000000c0000000,0x00000000c2432c78,0x00000000c5b80000)
 Metaspace       used 57925K, capacity 59712K, committed 59800K, reserved 1101824K
  class space    used 8105K, capacity 8594K, committed 8624K, reserved 1048576K
}
Event: 33.127 GC heap before
{Heap before GC invocations=21 (full 4):
 PSYoungGen      total 112640K, used 7889K [0x00000000eab00000, 0x00000000f2b80000, 0x0000000100000000)
  eden space 99840K, 7% used [0x00000000eab00000,0x00000000eb2b4568,0x00000000f0c80000)
  from space 12800K, 0% used [0x00000000f1b00000,0x00000000f1b00000,0x00000000f2780000)
  to   space 14848K, 0% used [0x00000000f0c80000,0x00000000f0c80000,0x00000000f1b00000)
 ParOldGen       total 93696K, used 37067K [0x00000000c0000000, 0x00000000c5b80000, 0x00000000eab00000)
  object space 93696K, 39% used [0x00000000c0000000,0x00000000c2432c78,0x00000000c5b80000)
 Metaspace       used 58533K, capacity 60326K, committed 60440K, reserved 1105920K
  class space    used 8199K, capacity 8691K, committed 8752K, reserved 1048576K
Event: 33.129 GC heap after
Heap after GC invocations=21 (full 4):
 PSYoungGen      total 114688K, used 959K [0x00000000eab00000, 0x00000000f2b80000, 0x0000000100000000)
  eden space 99840K, 0% used [0x00000000eab00000,0x00000000eab00000,0x00000000f0c80000)
  from space 14848K, 6% used [0x00000000f0c80000,0x00000000f0d6fd40,0x00000000f1b00000)
  to   space 12800K, 0% used [0x00000000f1b00000,0x00000000f1b00000,0x00000000f2780000)
 ParOldGen       total 93696K, used 37067K [0x00000000c0000000, 0x00000000c5b80000, 0x00000000eab00000)
  object space 93696K, 39% used [0x00000000c0000000,0x00000000c2432c78,0x00000000c5b80000)
 Metaspace       used 58533K, capacity 60326K, committed 60440K, reserved 1105920K
  class space    used 8199K, capacity 8691K, committed 8752K, reserved 1048576K
}
Event: 33.129 GC heap before
{Heap before GC invocations=22 (full 5):
 PSYoungGen      total 114688K, used 959K [0x00000000eab00000, 0x00000000f2b80000, 0x0000000100000000)
  eden space 99840K, 0% used [0x00000000eab00000,0x00000000eab00000,0x00000000f0c80000)
  from space 14848K, 6% used [0x00000000f0c80000,0x00000000f0d6fd40,0x00000000f1b00000)
  to   space 12800K, 0% used [0x00000000f1b00000,0x00000000f1b00000,0x00000000f2780000)
 ParOldGen       total 93696K, used 37067K [0x00000000c0000000, 0x00000000c5b80000, 0x00000000eab00000)
  object space 93696K, 39% used [0x00000000c0000000,0x00000000c2432c78,0x00000000c5b80000)
 Metaspace       used 58533K, capacity 60326K, committed 60440K, reserved 1105920K
  class space    used 8199K, capacity 8691K, committed 8752K, reserved 1048576K
Event: 33.214 GC heap after
Heap after GC invocations=22 (full 5):
 PSYoungGen      total 114688K, used 0K [0x00000000eab00000, 0x00000000f2b80000, 0x0000000100000000)
  eden space 99840K, 0% used [0x00000000eab00000,0x00000000eab00000,0x00000000f0c80000)
  from space 14848K, 0% used [0x00000000f0c80000,0x00000000f0c80000,0x00000000f1b00000)
  to   space 12800K, 0% used [0x00000000f1b00000,0x00000000f1b00000,0x00000000f2780000)
 ParOldGen       total 93696K, used 37608K [0x00000000c0000000, 0x00000000c5b80000, 0x00000000eab00000)
  object space 93696K, 40% used [0x00000000c0000000,0x00000000c24ba1f8,0x00000000c5b80000)
 Metaspace       used 58533K, capacity 60326K, committed 60440K, reserved 1103872K
  class space    used 8199K, capacity 8691K, committed 8752K, reserved 1048576K
}
Event: 35.367 GC heap before
{Heap before GC invocations=23 (full 5):
 PSYoungGen      total 114688K, used 29407K [0x00000000eab00000, 0x00000000f2b80000, 0x0000000100000000)
  eden space 99840K, 29% used [0x00000000eab00000,0x00000000ec7b7c30,0x00000000f0c80000)
  from space 14848K, 0% used [0x00000000f0c80000,0x00000000f0c80000,0x00000000f1b00000)
  to   space 12800K, 0% used [0x00000000f1b00000,0x00000000f1b00000,0x00000000f2780000)
 ParOldGen       total 93696K, used 37608K [0x00000000c0000000, 0x00000000c5b80000, 0x00000000eab00000)
  object space 93696K, 40% used [0x00000000c0000000,0x00000000c24ba1f8,0x00000000c5b80000)
 Metaspace       used 60327K, capacity 62174K, committed 62232K, reserved 1107968K
  class space    used 8456K, capacity 8997K, committed 9008K, reserved 1048576K
Event: 35.370 GC heap after
Heap after GC invocations=23 (full 5):
 PSYoungGen      total 112640K, used 3546K [0x00000000eab00000, 0x00000000f2b80000, 0x0000000100000000)
  eden space 99840K, 0% used [0x00000000eab00000,0x00000000eab00000,0x00000000f0c80000)
  from space 12800K, 27% used [0x00000000f1b00000,0x00000000f1e76808,0x00000000f2780000)
  to   space 14848K, 0% used [0x00000000f0c80000,0x00000000f0c80000,0x00000000f1b00000)
 ParOldGen       total 93696K, used 37616K [0x00000000c0000000, 0x00000000c5b80000, 0x00000000eab00000)
  object space 93696K, 40% used [0x00000000c0000000,0x00000000c24bc1f8,0x00000000c5b80000)
 Metaspace       used 60327K, capacity 62174K, committed 62232K, reserved 1107968K
  class space    used 8456K, capacity 8997K, committed 9008K, reserved 1048576K
}
Event: 35.370 GC heap before
{Heap before GC invocations=24 (full 6):
 PSYoungGen      total 112640K, used 3546K [0x00000000eab00000, 0x00000000f2b80000, 0x0000000100000000)
  eden space 99840K, 0% used [0x00000000eab00000,0x00000000eab00000,0x00000000f0c80000)
  from space 12800K, 27% used [0x00000000f1b00000,0x00000000f1e76808,0x00000000f2780000)
  to   space 14848K, 0% used [0x00000000f0c80000,0x00000000f0c80000,0x00000000f1b00000)
 ParOldGen       total 93696K, used 37616K [0x00000000c0000000, 0x00000000c5b80000, 0x00000000eab00000)
  object space 93696K, 40% used [0x00000000c0000000,0x00000000c24bc1f8,0x00000000c5b80000)
 Metaspace       used 60327K, capacity 62174K, committed 62232K, reserved 1107968K
  class space    used 8456K, capacity 8997K, committed 9008K, reserved 1048576K

Deoptimization events (10 events):
Event: 34.731 Thread 0x0000000018495000 Uncommon trap: reason=class_check action=maybe_recompile pc=0x0000000002ef2624 method=java.util.jar.JarFile.getJarEntry(Ljava/lang/String;)Ljava/util/jar/JarEntry; @ 2
Event: 34.732 Thread 0x0000000018495000 Uncommon trap: reason=bimorphic action=maybe_recompile pc=0x0000000003fb7484 method=java.io.BufferedInputStream.read1([BII)I @ 39
Event: 34.732 Thread 0x0000000018495000 Uncommon trap: reason=bimorphic action=maybe_recompile pc=0x0000000003fb7484 method=java.io.BufferedInputStream.read1([BII)I @ 39
Event: 34.732 Thread 0x0000000018495000 Uncommon trap: reason=bimorphic action=maybe_recompile pc=0x0000000003fb7484 method=java.io.BufferedInputStream.read1([BII)I @ 39
Event: 34.732 Thread 0x0000000018495000 Uncommon trap: reason=bimorphic action=maybe_recompile pc=0x0000000003fb7484 method=java.io.BufferedInputStream.read1([BII)I @ 39
Event: 35.194 Thread 0x0000000018495000 Uncommon trap: reason=unstable_if action=reinterpret pc=0x0000000003437118 method=sun.nio.cs.UTF_8$Decoder.decodeArrayLoop(Ljava/nio/ByteBuffer;Ljava/nio/CharBuffer;)Ljava/nio/charset/CoderResult; @ 84
Event: 35.194 Thread 0x0000000018495000 Uncommon trap: reason=unstable_if action=reinterpret pc=0x0000000003aa6c90 method=java.io.BufferedReader.readLine(Z)Ljava/lang/String; @ 192
Event: 35.195 Thread 0x0000000018495000 Uncommon trap: reason=unstable_if action=reinterpret pc=0x000000000314d880 method=sun.nio.cs.UTF_8$Decoder.decodeArrayLoop(Ljava/nio/ByteBuffer;Ljava/nio/CharBuffer;)Ljava/nio/charset/CoderResult; @ 84
Event: 35.211 Thread 0x0000000018495000 Uncommon trap: reason=unstable_if action=reinterpret pc=0x0000000003e093f0 method=java.util.concurrent.ConcurrentHashMap.putVal(Ljava/lang/Object;Ljava/lang/Object;Z)Ljava/lang/Object; @ 331
Event: 35.259 Thread 0x0000000018495000 Uncommon trap: reason=unstable_if action=reinterpret pc=0x00000000030d2d78 method=java.util.concurrent.ConcurrentHashMap.transfer([Ljava/util/concurrent/ConcurrentHashMap$Node;[Ljava/util/concurrent/ConcurrentHashMap$Node;)V @ 356

Classes redefined (0 events):
No events

Internal exceptions (10 events):
Event: 31.256 Thread 0x0000000018495000 Exception <a 'java/security/PrivilegedActionException'> (0x00000000eed97fb8) thrown at [C:\re\workspace\8-2-build-windows-amd64-cygwin\jdk8u181\11358\hotspot\src\share\vm\prims\jvm.cpp, line 1435]
Event: 31.256 Thread 0x0000000018495000 Exception <a 'java/security/PrivilegedActionException'> (0x00000000eed9b140) thrown at [C:\re\workspace\8-2-build-windows-amd64-cygwin\jdk8u181\11358\hotspot\src\share\vm\prims\jvm.cpp, line 1435]
Event: 31.256 Thread 0x0000000018495000 Exception <a 'java/security/PrivilegedActionException'> (0x00000000eed9bec0) thrown at [C:\re\workspace\8-2-build-windows-amd64-cygwin\jdk8u181\11358\hotspot\src\share\vm\prims\jvm.cpp, line 1435]
Event: 31.258 Thread 0x0000000018495000 Exception <a 'java/lang/ClassNotFoundException': build_eufd1al4fb1e3tgqs2r724wpl$_run_closure1BeanInfo> (0x00000000eedb0160) thrown at [C:\re\workspace\8-2-build-windows-amd64-cygwin\jdk8u181\11358\hotspot\src\share\vm\classfile\systemDictionary.cpp, line
Event: 31.258 Thread 0x0000000018495000 Exception <a 'java/lang/ClassNotFoundException': build_eufd1al4fb1e3tgqs2r724wpl$_run_closure1Customizer> (0x00000000eedc7c08) thrown at [C:\re\workspace\8-2-build-windows-amd64-cygwin\jdk8u181\11358\hotspot\src\share\vm\classfile\systemDictionary.cpp, li
Event: 31.271 Thread 0x0000000018495000 Exception <a 'java/lang/ClassNotFoundException': com/android/build/gradle/internal/dsl/LintOptions_DecoratedBeanInfo> (0x00000000eee4d468) thrown at [C:\re\workspace\8-2-build-windows-amd64-cygwin\jdk8u181\11358\hotspot\src\share\vm\classfile\systemDictio
Event: 31.272 Thread 0x0000000018495000 Exception <a 'java/lang/ClassNotFoundException': com/android/build/gradle/internal/dsl/LintOptionsBeanInfo> (0x00000000eee6dcb8) thrown at [C:\re\workspace\8-2-build-windows-amd64-cygwin\jdk8u181\11358\hotspot\src\share\vm\classfile\systemDictionary.cpp, 
Event: 31.272 Thread 0x0000000018495000 Exception <a 'java/lang/ClassNotFoundException': com/android/build/gradle/internal/dsl/LintOptionsCustomizer> (0x00000000eee8fa90) thrown at [C:\re\workspace\8-2-build-windows-amd64-cygwin\jdk8u181\11358\hotspot\src\share\vm\classfile\systemDictionary.cpp
Event: 31.273 Thread 0x0000000018495000 Exception <a 'java/lang/ClassNotFoundException': com/android/build/gradle/internal/dsl/LintOptions_DecoratedCustomizer> (0x00000000eef110f0) thrown at [C:\re\workspace\8-2-build-windows-amd64-cygwin\jdk8u181\11358\hotspot\src\share\vm\classfile\systemDict
Event: 34.691 Thread 0x0000000018495000 Implicit null exception at 0x0000000003465518 to 0x0000000003467781

Events (10 events):
Event: 35.351 loading class org/apache/http/impl/entity/LaxContentLengthStrategy done
Event: 35.352 loading class org/apache/http/impl/entity/StrictContentLengthStrategy
Event: 35.352 loading class org/apache/http/impl/entity/StrictContentLengthStrategy done
Event: 35.353 loading class org/apache/http/impl/client/DefaultClientConnectionReuseStrategy
Event: 35.353 loading class org/apache/http/impl/client/DefaultClientConnectionReuseStrategy done
Event: 35.365 loading class org/apache/http/impl/DefaultConnectionReuseStrategy
Event: 35.365 loading class org/apache/http/impl/DefaultConnectionReuseStrategy done
Event: 35.366 loading class org/apache/http/TokenIterator
Event: 35.366 loading class org/apache/http/TokenIterator done
Event: 35.366 Executing VM operation: CollectForMetadataAllocation


Dynamic libraries:
0x00007ff605170000 - 0x00007ff6051a7000 	C:\Program Files\Java\jdk1.8.0_181\bin\java.exe
0x00007ffe33240000 - 0x00007ffe33421000 	C:\WINDOWS\SYSTEM32\ntdll.dll
0x00007ffe31990000 - 0x00007ffe31a41000 	C:\WINDOWS\System32\KERNEL32.DLL
0x00007ffe2fe50000 - 0x00007ffe300c3000 	C:\WINDOWS\System32\KERNELBASE.dll
0x00007ffe30820000 - 0x00007ffe308c1000 	C:\WINDOWS\System32\ADVAPI32.dll
0x00007ffe31ca0000 - 0x00007ffe31d3e000 	C:\WINDOWS\System32\msvcrt.dll
0x00007ffe31a50000 - 0x00007ffe31aab000 	C:\WINDOWS\System32\sechost.dll
0x00007ffe31310000 - 0x00007ffe31434000 	C:\WINDOWS\System32\RPCRT4.dll
0x00007ffe31b10000 - 0x00007ffe31ca0000 	C:\WINDOWS\System32\USER32.dll
0x00007ffe302c0000 - 0x00007ffe302e0000 	C:\WINDOWS\System32\win32u.dll
0x00007ffe31d40000 - 0x00007ffe31d68000 	C:\WINDOWS\System32\GDI32.dll
0x00007ffe30490000 - 0x00007ffe30622000 	C:\WINDOWS\System32\gdi32full.dll
0x00007ffe30630000 - 0x00007ffe306cf000 	C:\WINDOWS\System32\msvcp_win.dll
0x00007ffe302e0000 - 0x00007ffe303d8000 	C:\WINDOWS\System32\ucrtbase.dll
0x00007ffe1fb50000 - 0x00007ffe1fdb9000 	C:\WINDOWS\WinSxS\amd64_microsoft.windows.common-controls_6595b64144ccf1df_6.0.17134.706_none_fb43a2cb30647007\COMCTL32.dll
0x00007ffe30f00000 - 0x00007ffe31222000 	C:\WINDOWS\System32\combase.dll
0x00007ffe2f610000 - 0x00007ffe2f68a000 	C:\WINDOWS\System32\bcryptPrimitives.dll
0x00007ffe312e0000 - 0x00007ffe3130d000 	C:\WINDOWS\System32\IMM32.DLL
0x0000000052cd0000 - 0x0000000052da2000 	C:\Program Files\Java\jdk1.8.0_181\jre\bin\msvcr100.dll
0x0000000052420000 - 0x0000000052cc2000 	C:\Program Files\Java\jdk1.8.0_181\jre\bin\server\jvm.dll
0x00007ffe31980000 - 0x00007ffe31988000 	C:\WINDOWS\System32\PSAPI.DLL
0x00007ffe2d500000 - 0x00007ffe2d523000 	C:\WINDOWS\SYSTEM32\WINMM.dll
0x00007ffe29b10000 - 0x00007ffe29b1a000 	C:\WINDOWS\SYSTEM32\VERSION.dll
0x00007ffe2d5e0000 - 0x00007ffe2d5e9000 	C:\WINDOWS\SYSTEM32\WSOCK32.dll
0x00007ffe2d4d0000 - 0x00007ffe2d4fa000 	C:\WINDOWS\SYSTEM32\WINMMBASE.dll
0x00007ffe2fe00000 - 0x00007ffe2fe49000 	C:\WINDOWS\System32\cfgmgr32.dll
0x00007ffe308f0000 - 0x00007ffe3095c000 	C:\WINDOWS\System32\ws2_32.DLL
0x0000000052e20000 - 0x0000000052e2f000 	C:\Program Files\Java\jdk1.8.0_181\jre\bin\verify.dll
0x0000000052df0000 - 0x0000000052e19000 	C:\Program Files\Java\jdk1.8.0_181\jre\bin\java.dll
0x0000000052dd0000 - 0x0000000052de6000 	C:\Program Files\Java\jdk1.8.0_181\jre\bin\zip.dll
0x00007ffe31d70000 - 0x00007ffe331b0000 	C:\WINDOWS\System32\SHELL32.dll
0x00007ffe31230000 - 0x00007ffe312d9000 	C:\WINDOWS\System32\shcore.dll
0x00007ffe2f690000 - 0x00007ffe2fd9d000 	C:\WINDOWS\System32\windows.storage.dll
0x00007ffe31ab0000 - 0x00007ffe31b01000 	C:\WINDOWS\System32\shlwapi.dll
0x00007ffe2f580000 - 0x00007ffe2f591000 	C:\WINDOWS\System32\kernel.appcore.dll
0x00007ffe2f550000 - 0x00007ffe2f56f000 	C:\WINDOWS\System32\profapi.dll
0x00007ffe2f5a0000 - 0x00007ffe2f5ec000 	C:\WINDOWS\System32\powrprof.dll
0x00007ffe2f570000 - 0x00007ffe2f57a000 	C:\WINDOWS\System32\FLTLIB.DLL
0x0000000052400000 - 0x000000005241a000 	C:\Program Files\Java\jdk1.8.0_181\jre\bin\net.dll
0x00007ffe2edd0000 - 0x00007ffe2ee36000 	C:\WINDOWS\system32\mswsock.dll
0x00000000523e0000 - 0x00000000523f1000 	C:\Program Files\Java\jdk1.8.0_181\jre\bin\nio.dll
0x00007ffe2a390000 - 0x00007ffe2a3ae000 	C:\Users\danie\.gradle\native\25\windows-amd64\native-platform.dll
0x00000000523d0000 - 0x00000000523dd000 	C:\Program Files\Java\jdk1.8.0_181\jre\bin\management.dll
0x00007ffe2ef80000 - 0x00007ffe2ef97000 	C:\WINDOWS\SYSTEM32\CRYPTSP.dll
0x00007ffe2e9b0000 - 0x00007ffe2e9e3000 	C:\WINDOWS\system32\rsaenh.dll
0x00007ffe2f0b0000 - 0x00007ffe2f0d5000 	C:\WINDOWS\SYSTEM32\bcrypt.dll
0x00007ffe2f450000 - 0x00007ffe2f478000 	C:\WINDOWS\SYSTEM32\USERENV.dll
0x00007ffe2efa0000 - 0x00007ffe2efab000 	C:\WINDOWS\SYSTEM32\CRYPTBASE.dll
0x00007ffe2eb50000 - 0x00007ffe2eb88000 	C:\WINDOWS\SYSTEM32\IPHLPAPI.DLL
0x00007ffe31440000 - 0x00007ffe31448000 	C:\WINDOWS\System32\NSI.dll
0x00007ffe29860000 - 0x00007ffe29876000 	C:\WINDOWS\SYSTEM32\dhcpcsvc6.DLL
0x00007ffe29c90000 - 0x00007ffe29caa000 	C:\WINDOWS\SYSTEM32\dhcpcsvc.DLL
0x00000000517e0000 - 0x0000000051804000 	C:\Program Files\Java\jdk1.8.0_181\jre\bin\sunec.dll

VM Arguments:
jvm_args: -XX:+HeapDumpOnOutOfMemoryError -Xmx1024m -Dfile.encoding=windows-1252 -Duser.country=BR -Duser.language=pt -Duser.variant 
java_command: org.gradle.launcher.daemon.bootstrap.GradleDaemon 4.10.2
java_class_path (initial): C:\Users\danie\.gradle\wrapper\dists\gradle-4.10.2-all\9fahxiiecdb76a5g3aw9oi8rv\gradle-4.10.2\lib\gradle-launcher-4.10.2.jar
Launcher Type: SUN_STANDARD

Environment Variables:
JAVA_HOME=C:\Program Files\Java\jdk1.8.0_181
CLASSPATH=C:\Users\danie\Documents\React\adedonha\android\\gradle\wrapper\gradle-wrapper.jar
PATH=C:\Users\danie\bin;C:\Program Files\Git\mingw64\bin;C:\Program Files\Git\usr\local\bin;C:\Program Files\Git\usr\bin;C:\Program Files\Git\usr\bin;C:\Program Files\Git\mingw64\bin;C:\Program Files\Git\usr\bin;C:\Users\danie\bin;C:\Program Files (x86)\Common Files\Oracle\Java\javapath;C:\Program Files (x86)\Intel\iCLS Client;C:\Program Files\Intel\iCLS Client;C:\windows\system32;C:\windows;C:\windows\System32\Wbem;C:\windows\System32\WindowsPowerShell\v1.0;C:\Program Files (x86)\NVIDIA Corporation\PhysX\Common;C:\Program Files (x86)\Intel\Intel(R) Management Engine Components\DAL;C:\Program Files\Intel\Intel(R) Management Engine Components\DAL;C:\Program Files (x86)\Intel\Intel(R) Management Engine Components\IPT;C:\Program Files\Intel\Intel(R) Management Engine Components\IPT;C:\WINDOWS\system32;C:\WINDOWS;C:\WINDOWS\System32\Wbem;C:\WINDOWS\System32\WindowsPowerShell\v1.0;C:\WINDOWS\System32\OpenSSH;C:\Program Files\apache-maven-3.5.4\bin;C:\Program Files\Git\cmd;C:\PostgreSQL\pg10\bin;C:\Program Files\nodejs;C:\gradle-5.3\bin;%ANDROID_HOME%\tools;%ANDROID_HOME%\platform-tools;C:\Users\danie\AppData\Local\Microsoft\WindowsApps;C:\Program Files\apache-maven-3.5.4\bin;C:\Program Files\Java\jdk1.8.0_181\bin;C:\Users\danie\AppData\Roaming\npm;C:\Users\danie\AppData\Local\Programs\Microsoft VS Code\bin;C:\Program Files (x86)\Minimal ADB and Fastboot;C:\Program Files\Git\usr\bin\vendor_perl;C:\Program Files\Git\usr\bin\core_perl
USERNAME=danie
SHELL=C:\Program Files\Git\usr\bin\bash.exe
DISPLAY=needs-to-be-defined
OS=Windows_NT
PROCESSOR_IDENTIFIER=Intel64 Family 6 Model 142 Stepping 9, GenuineIntel



---------------  S Y S T E M  ---------------

OS: Windows 10.0 , 64 bit Build 17134 (10.0.17134.706)

CPU:total 4 (initial active 4) (2 cores per cpu, 2 threads per core) family 6 model 142 stepping 9, cmov, cx8, fxsr, mmx, sse, sse2, sse3, ssse3, sse4.1, sse4.2, popcnt, avx, avx2, aes, clmul, erms, 3dnowpref, lzcnt, ht, tsc, tscinvbit, bmi1, bmi2, adx

Memory: 4k page, physical 8296228k(1304976k free), swap 8296228k(2528k free)

vm_info: Java HotSpot(TM) 64-Bit Server VM (25.181-b13) for windows-amd64 JRE (1.8.0_181-b13), built on Jul  7 2018 04:01:33 by "java_re" with MS VC++ 10.0 (VS2010)

time: Wed Apr 17 13:50:56 2019
elapsed time: 35 seconds (0d 0h 0m 35s)

