#
# There is insufficient memory for the Java Runtime Environment to continue.
# Native memory allocation (malloc) failed to allocate 1048576 bytes for AllocateHeap
# Possible reasons:
#   The system is out of physical RAM or swap space
#   In 32 bit mode, the process size limit was hit
# Possible solutions:
#   Reduce memory load on the system
#   Increase physical memory or swap space
#   Check if swap backing store is full
#   Use 64 bit Java on a 64 bit OS
#   Decrease Java heap size (-Xmx/-Xms)
#   Decrease number of Java threads
#   Decrease Java thread stack sizes (-Xss)
#   Set larger code cache with -XX:ReservedCodeCacheSize=
# This output file may be truncated or incomplete.
#
#  Out of Memory Error (memory/allocation.inline.hpp:61), pid=11280, tid=0x00000000000025a0
#
# JRE version:  (8.0_181-b13) (build )
# Java VM: Java HotSpot(TM) 64-Bit Server VM (25.181-b13 mixed mode windows-amd64 compressed oops)
# Failed to write core dump. Minidumps are not enabled by default on client versions of Windows
#

---------------  T H R E A D  ---------------

Current thread (0x000000000047e800):  JavaThread "Unknown thread" [_thread_in_vm, id=9632, stack(0x0000000002220000,0x0000000002320000)]

Stack: [0x0000000002220000,0x0000000002320000]
[error occurred during error reporting (printing stack bounds), id 0xc0000005]

Native frames: (J=compiled Java code, j=interpreted, Vv=VM code, C=native code)


---------------  P R O C E S S  ---------------

Java Threads: ( => current thread )

Other Threads:

=>0x000000000047e800 (exited) JavaThread "Unknown thread" [_thread_in_vm, id=9632, stack(0x0000000002220000,0x0000000002320000)]

VM state:not at safepoint (normal execution)

VM Mutex/Monitor currently owned by a thread: None

Heap:
 PSYoungGen      total 38400K, used 665K [0x00000000d5d00000, 0x00000000d8780000, 0x0000000100000000)
  eden space 33280K, 2% used [0x00000000d5d00000,0x00000000d5da6670,0x00000000d7d80000)
  from space 5120K, 0% used [0x00000000d8280000,0x00000000d8280000,0x00000000d8780000)
  to   space 5120K, 0% used [0x00000000d7d80000,0x00000000d7d80000,0x00000000d8280000)
 ParOldGen       total 87552K, used 0K [0x0000000081600000, 0x0000000086b80000, 0x00000000d5d00000)
  object space 87552K, 0% used [0x0000000081600000,0x0000000081600000,0x0000000086b80000)
 Metaspace       used 775K, capacity 4480K, committed 4480K, reserved 1056768K
  class space    used 76K, capacity 384K, committed 384K, reserved 1048576K

Card table byte_map: [0x00000000118c0000,0x0000000011cc0000] byte_map_base: 0x00000000114b5000

Marking Bits: (ParMarkBitMap*) 0x000000005a6a2d00
 Begin Bits: [0x0000000012370000, 0x0000000014318000)
 End Bits:   [0x0000000014318000, 0x00000000162c0000)

Polling page: 0x0000000000480000

CodeCache: size=245760Kb used=328Kb max_used=328Kb free=245431Kb
 bounds [0x0000000002500000, 0x0000000002770000, 0x0000000011500000]
 total_blobs=58 nmethods=0 adapters=38
 compilation: enabled

Compilation events (0 events):
No events

GC Heap History (0 events):
No events

Deoptimization events (0 events):
No events

Classes redefined (0 events):
No events

Internal exceptions (0 events):
No events

Events (10 events):
Event: 0.019 loading class java/lang/Short
Event: 0.019 loading class java/lang/Short done
Event: 0.019 loading class java/lang/Integer
Event: 0.019 loading class java/lang/Integer done
Event: 0.019 loading class java/lang/Long
Event: 0.019 loading class java/lang/Long done
Event: 0.019 loading class java/lang/NullPointerException
Event: 0.019 loading class java/lang/NullPointerException done
Event: 0.019 loading class java/lang/ArithmeticException
Event: 0.019 loading class java/lang/ArithmeticException done


Dynamic libraries:
0x00007ff76c2b0000 - 0x00007ff76c2e7000 	C:\Program Files\Java\jdk1.8.0_181\bin\java.exe
0x00007ffbe3bb0000 - 0x00007ffbe3d91000 	C:\WINDOWS\SYSTEM32\ntdll.dll
0x00007ffbe1340000 - 0x00007ffbe13f1000 	C:\WINDOWS\System32\KERNEL32.DLL
0x00007ffbe09b0000 - 0x00007ffbe0c23000 	C:\WINDOWS\System32\KERNELBASE.dll
0x00007ffbe3030000 - 0x00007ffbe30d1000 	C:\WINDOWS\System32\ADVAPI32.dll
0x00007ffbe1430000 - 0x00007ffbe14ce000 	C:\WINDOWS\System32\msvcrt.dll
0x00007ffbe2b00000 - 0x00007ffbe2b5b000 	C:\WINDOWS\System32\sechost.dll
0x00007ffbe10e0000 - 0x00007ffbe1204000 	C:\WINDOWS\System32\RPCRT4.dll
0x00007ffbe2c70000 - 0x00007ffbe2e00000 	C:\WINDOWS\System32\USER32.dll
0x00007ffbe0990000 - 0x00007ffbe09b0000 	C:\WINDOWS\System32\win32u.dll
0x00007ffbe14f0000 - 0x00007ffbe1518000 	C:\WINDOWS\System32\GDI32.dll
0x00007ffbe0cd0000 - 0x00007ffbe0e62000 	C:\WINDOWS\System32\gdi32full.dll
0x00007ffbe0c30000 - 0x00007ffbe0ccf000 	C:\WINDOWS\System32\msvcp_win.dll
0x00007ffbe0f40000 - 0x00007ffbe1038000 	C:\WINDOWS\System32\ucrtbase.dll
0x00007ffbcd150000 - 0x00007ffbcd3b9000 	C:\WINDOWS\WinSxS\amd64_microsoft.windows.common-controls_6595b64144ccf1df_6.0.17134.706_none_fb43a2cb30647007\COMCTL32.dll
0x00007ffbe3760000 - 0x00007ffbe3a82000 	C:\WINDOWS\System32\combase.dll
0x00007ffbe0e70000 - 0x00007ffbe0eea000 	C:\WINDOWS\System32\bcryptPrimitives.dll
0x00007ffbe1400000 - 0x00007ffbe142d000 	C:\WINDOWS\System32\IMM32.DLL
0x000000005a730000 - 0x000000005a802000 	C:\Program Files\Java\jdk1.8.0_181\jre\bin\msvcr100.dll
0x0000000059e80000 - 0x000000005a722000 	C:\Program Files\Java\jdk1.8.0_181\jre\bin\server\jvm.dll
0x00007ffbe14d0000 - 0x00007ffbe14d8000 	C:\WINDOWS\System32\PSAPI.DLL
0x00007ffbdcd90000 - 0x00007ffbdcd99000 	C:\WINDOWS\SYSTEM32\WSOCK32.dll
0x00007ffbde030000 - 0x00007ffbde053000 	C:\WINDOWS\SYSTEM32\WINMM.dll
0x00007ffbd7f40000 - 0x00007ffbd7f4a000 	C:\WINDOWS\SYSTEM32\VERSION.dll
0x00007ffbe2c00000 - 0x00007ffbe2c6c000 	C:\WINDOWS\System32\WS2_32.dll
0x00007ffbddd60000 - 0x00007ffbddd8a000 	C:\WINDOWS\SYSTEM32\winmmbase.dll
0x00007ffbe0ef0000 - 0x00007ffbe0f39000 	C:\WINDOWS\System32\cfgmgr32.dll
0x0000000059e70000 - 0x0000000059e7f000 	C:\Program Files\Java\jdk1.8.0_181\jre\bin\verify.dll
0x0000000059e40000 - 0x0000000059e69000 	C:\Program Files\Java\jdk1.8.0_181\jre\bin\java.dll
0x0000000059e20000 - 0x0000000059e36000 	C:\Program Files\Java\jdk1.8.0_181\jre\bin\zip.dll

VM Arguments:
jvm_args: -Dorg.gradle.appname=gradlew 
java_command: org.gradle.wrapper.GradleWrapperMain app:installDebug
java_class_path (initial): C:\Users\danie\Documents\React\adedonha\android\\gradle\wrapper\gradle-wrapper.jar
Launcher Type: SUN_STANDARD

Environment Variables:
JAVA_HOME=C:\Program Files\Java\jdk1.8.0_181
CLASSPATH=C:\Users\danie\Documents\React\adedonha\android\\gradle\wrapper\gradle-wrapper.jar
PATH=C:\Users\danie\bin;C:\Program Files\Git\mingw64\bin;C:\Program Files\Git\usr\local\bin;C:\Program Files\Git\usr\bin;C:\Program Files\Git\usr\bin;C:\Program Files\Git\mingw64\bin;C:\Program Files\Git\usr\bin;C:\Users\danie\bin;C:\Program Files (x86)\Common Files\Oracle\Java\javapath;C:\Program Files (x86)\Intel\iCLS Client;C:\Program Files\Intel\iCLS Client;C:\windows\system32;C:\windows;C:\windows\System32\Wbem;C:\windows\System32\WindowsPowerShell\v1.0;C:\Program Files (x86)\NVIDIA Corporation\PhysX\Common;C:\Program Files (x86)\Intel\Intel(R) Management Engine Components\DAL;C:\Program Files\Intel\Intel(R) Management Engine Components\DAL;C:\Program Files (x86)\Intel\Intel(R) Management Engine Components\IPT;C:\Program Files\Intel\Intel(R) Management Engine Components\IPT;C:\WINDOWS\system32;C:\WINDOWS;C:\WINDOWS\System32\Wbem;C:\WINDOWS\System32\WindowsPowerShell\v1.0;C:\WINDOWS\System32\OpenSSH;C:\Program Files\apache-maven-3.5.4\bin;C:\Program Files\Git\cmd;C:\PostgreSQL\pg10\bin;C:\Program Files\nodejs;C:\gradle-5.3\bin;%ANDROID_HOME%\tools;%ANDROID_HOME%\platform-tools;C:\Users\danie\AppData\Local\Microsoft\WindowsApps;C:\Program Files\apache-maven-3.5.4\bin;C:\Program Files\Java\jdk1.8.0_181\bin;C:\Users\danie\AppData\Roaming\npm;C:\Users\danie\AppData\Local\Programs\Microsoft VS Code\bin;C:\Program Files (x86)\Minimal ADB and Fastboot;C:\Program Files\Git\usr\bin\vendor_perl;C:\Program Files\Git\usr\bin\core_perl
USERNAME=danie
SHELL=C:\Program Files\Git\usr\bin\bash.exe
DISPLAY=needs-to-be-defined
OS=Windows_NT
PROCESSOR_IDENTIFIER=Intel64 Family 6 Model 142 Stepping 9, GenuineIntel



---------------  S Y S T E M  ---------------

OS: Windows 10.0 , 64 bit Build 17134 (10.0.17134.706)

CPU:total 4 (initial active 4) (2 cores per cpu, 2 threads per core) family 6 model 142 stepping 9, cmov, cx8, fxsr, mmx, sse, sse2, sse3, ssse3, sse4.1, sse4.2, popcnt, avx, avx2, aes, clmul, erms, 3dnowpref, lzcnt, ht, tsc, tscinvbit, bmi1, bmi2, adx

Memory: 4k page, physical 8296228k(1626436k free), swap 8296228k(6104k free)

vm_info: Java HotSpot(TM) 64-Bit Server VM (25.181-b13) for windows-amd64 JRE (1.8.0_181-b13), built on Jul  7 2018 04:01:33 by "java_re" with MS VC++ 10.0 (VS2010)

time: Fri Apr 12 16:45:20 2019
elapsed time: 0 seconds (0d 0h 0m 0s)

