#
# There is insufficient memory for the Java Runtime Environment to continue.
# Native memory allocation (malloc) failed to allocate 32744 bytes for ChunkPool::allocate
# Possible reasons:
#   The system is out of physical RAM or swap space
#   In 32 bit mode, the process size limit was hit
# Possible solutions:
#   Reduce memory load on the system
#   Increase physical memory or swap space
#   Check if swap backing store is full
#   Use 64 bit Java on a 64 bit OS
#   Decrease Java heap size (-Xmx/-Xms)
#   Decrease number of Java threads
#   Decrease Java thread stack sizes (-Xss)
#   Set larger code cache with -XX:ReservedCodeCacheSize=
# This output file may be truncated or incomplete.
#
#  Out of Memory Error (allocation.cpp:273), pid=1744, tid=0x0000000000001e2c
#
# JRE version: Java(TM) SE Runtime Environment (8.0_181-b13) (build 1.8.0_181-b13)
# Java VM: Java HotSpot(TM) 64-Bit Server VM (25.181-b13 mixed mode windows-amd64 compressed oops)
# Failed to write core dump. Minidumps are not enabled by default on client versions of Windows
#

---------------  T H R E A D  ---------------

Current thread (0x0000000015532800):  JavaThread "C2 CompilerThread0" daemon [_thread_in_native, id=7724, stack(0x0000000016ba0000,0x0000000016ca0000)]

Stack: [0x0000000016ba0000,0x0000000016ca0000]
[error occurred during error reporting (printing stack bounds), id 0xc0000005]

Native frames: (J=compiled Java code, j=interpreted, Vv=VM code, C=native code)


Current CompileTask:
C2:3604342 12062       4       org.gradle.api.internal.changedetection.state.ValueSnapshotter::processValue (645 bytes)


---------------  P R O C E S S  ---------------

Java Threads: ( => current thread )
  0x0000000017955800 JavaThread "Cache worker for Build Output Cleanup Cache (C:\Users\danie\Documents\React\adedonha\android\.gradle\buildOutputCleanup)" [_thread_blocked, id=14560, stack(0x0000000029a10000,0x0000000029b10000)]
  0x000000001794f800 JavaThread "Cache worker for task history cache (C:\Users\danie\Documents\React\adedonha\android\.gradle\4.10.2\taskHistory)" [_thread_blocked, id=16332, stack(0x0000000029910000,0x0000000029a10000)]
  0x000000001794e000 JavaThread "Task worker for ':' Thread 3" [_thread_blocked, id=788, stack(0x0000000029810000,0x0000000029910000)]
  0x000000001bbc2000 JavaThread "Task worker for ':' Thread 2" [_thread_blocked, id=10140, stack(0x0000000029710000,0x0000000029810000)]
  0x000000001bbc0800 JavaThread "Task worker for ':'" [_thread_blocked, id=3704, stack(0x0000000029610000,0x0000000029710000)]
  0x000000001bbc1800 JavaThread "Cache worker for file content cache (C:\Users\danie\Documents\React\adedonha\android\.gradle\4.10.2\fileContent)" [_thread_blocked, id=10940, stack(0x0000000029510000,0x0000000029610000)]
  0x000000001bbbd800 JavaThread "pool-6-thread-1" [_thread_blocked, id=7136, stack(0x0000000029410000,0x0000000029510000)]
  0x000000001bbbb800 JavaThread "Build operations Thread 4" [_thread_blocked, id=12612, stack(0x0000000029310000,0x0000000029410000)]
  0x000000001bbbf000 JavaThread "Build operations Thread 3" [_thread_blocked, id=16116, stack(0x0000000029210000,0x0000000029310000)]
  0x000000001bbc0000 JavaThread "Build operations Thread 2" [_thread_blocked, id=14324, stack(0x0000000029110000,0x0000000029210000)]
  0x000000001bbbd000 JavaThread "Build operations" [_thread_blocked, id=15160, stack(0x0000000029010000,0x0000000029110000)]
  0x000000001bbb7000 JavaThread "Cache worker for cache directory md-rule (C:\Users\danie\.gradle\caches\4.10.2\md-rule)" [_thread_blocked, id=1872, stack(0x0000000028f10000,0x0000000029010000)]
  0x000000001bbbc000 JavaThread "Cache worker for cache directory md-supplier (C:\Users\danie\.gradle\caches\4.10.2\md-supplier)" [_thread_blocked, id=9348, stack(0x0000000028e10000,0x0000000028f10000)]
  0x000000001bbba800 JavaThread "Cache worker for file hash cache (C:\Users\danie\Documents\React\adedonha\android\.gradle\4.10.2\fileHashes)" [_thread_blocked, id=12428, stack(0x0000000028d10000,0x0000000028e10000)]
  0x000000001bbb7800 JavaThread "Stdin handler" [_thread_blocked, id=2180, stack(0x0000000028c10000,0x0000000028d10000)]
  0x000000001bbba000 JavaThread "Asynchronous log dispatcher for DefaultDaemonConnection: socket connection from /127.0.0.1:4600 to /127.0.0.1:5320" [_thread_blocked, id=14640, stack(0x0000000028b10000,0x0000000028c10000)]
  0x000000001bbb9000 JavaThread "Daemon worker Thread 6" [_thread_blocked, id=11764, stack(0x0000000028a10000,0x0000000028b10000)]
  0x000000001bbb8800 JavaThread "Cancel handler" [_thread_blocked, id=8376, stack(0x0000000028910000,0x0000000028a10000)]
  0x000000001bbb6000 JavaThread "Handler for socket connection from /127.0.0.1:4600 to /127.0.0.1:5320" [_thread_in_native, id=15964, stack(0x0000000028810000,0x0000000028910000)]
  0x000000001bbb5800 JavaThread "Daemon Thread 6" [_thread_blocked, id=12376, stack(0x0000000028710000,0x0000000028810000)]
  0x0000000017958000 JavaThread "Device List Monitor" [_thread_in_native, id=12844, stack(0x0000000023210000,0x0000000023310000)]
  0x0000000017957000 JavaThread "Monitor" [_thread_in_native, id=10120, stack(0x0000000022e10000,0x0000000022f10000)]
  0x0000000017950800 JavaThread "Cache worker for file content cache (C:\Users\danie\.gradle\caches\4.10.2\fileContent)" [_thread_blocked, id=15940, stack(0x0000000020f80000,0x0000000021080000)]
  0x0000000017954000 JavaThread "Memory manager" [_thread_blocked, id=15896, stack(0x0000000020840000,0x0000000020940000)]
  0x00000000185c2000 JavaThread "Cache worker for Artifact transforms cache (C:\Users\danie\.gradle\caches\transforms-1)" [_thread_blocked, id=11748, stack(0x000000001ee50000,0x000000001ef50000)]
  0x00000000185bf000 JavaThread "Cache worker for journal cache (C:\Users\danie\.gradle\caches\journal-1)" [_thread_blocked, id=11672, stack(0x000000001d370000,0x000000001d470000)]
  0x00000000185be800 JavaThread "File lock request listener" [_thread_in_native, id=1660, stack(0x000000001c0a0000,0x000000001c1a0000)]
  0x00000000185c0800 JavaThread "Cache worker for file hash cache (C:\Users\danie\.gradle\caches\4.10.2\fileHashes)" [_thread_blocked, id=15116, stack(0x000000001bda0000,0x000000001bea0000)]
  0x000000001839d000 JavaThread "Daemon periodic checks" [_thread_blocked, id=16092, stack(0x0000000019500000,0x0000000019600000)]
  0x00000000179ec800 JavaThread "Incoming local TCP Connector on port 4600" [_thread_in_native, id=2080, stack(0x00000000192b0000,0x00000000193b0000)]
  0x00000000186cd000 JavaThread "Daemon health stats" [_thread_blocked, id=7552, stack(0x0000000018c70000,0x0000000018d70000)]
  0x000000001558d800 JavaThread "Service Thread" daemon [_thread_blocked, id=11456, stack(0x00000000172a0000,0x00000000173a0000)]
  0x0000000015549800 JavaThread "C1 CompilerThread2" daemon [_thread_blocked, id=11832, stack(0x0000000016da0000,0x0000000016ea0000)]
  0x0000000015537000 JavaThread "C2 CompilerThread1" daemon [_thread_blocked, id=15036, stack(0x0000000016ca0000,0x0000000016da0000)]
=>0x0000000015532800 JavaThread "C2 CompilerThread0" daemon [_thread_in_native, id=7724, stack(0x0000000016ba0000,0x0000000016ca0000)]
  0x0000000015531800 JavaThread "Attach Listener" daemon [_thread_blocked, id=6588, stack(0x0000000016aa0000,0x0000000016ba0000)]
  0x0000000015530800 JavaThread "Signal Dispatcher" daemon [_thread_blocked, id=5856, stack(0x00000000169a0000,0x0000000016aa0000)]
  0x000000001551a800 JavaThread "Finalizer" daemon [_thread_blocked, id=2504, stack(0x0000000016790000,0x0000000016890000)]
  0x00000000154f8800 JavaThread "Reference Handler" daemon [_thread_blocked, id=12476, stack(0x0000000016690000,0x0000000016790000)]
  0x0000000002c5e800 JavaThread "main" [_thread_blocked, id=7144, stack(0x0000000002c60000,0x0000000002d60000)]

Other Threads:
  0x00000000154f7000 VMThread [stack: 0x0000000016590000,0x0000000016690000] [id=12440]
  0x0000000016ef1800 WatcherThread [stack: 0x00000000173a0000,0x00000000174a0000] [id=4024]

VM state:not at safepoint (normal execution)

VM Mutex/Monitor currently owned by a thread: None

Heap:
 PSYoungGen      total 141312K, used 61551K [0x00000000eab00000, 0x00000000f5580000, 0x0000000100000000)
  eden space 130048K, 38% used [0x00000000eab00000,0x00000000edc59df0,0x00000000f2a00000)
  from space 11264K, 97% used [0x00000000f3f80000,0x00000000f4a42040,0x00000000f4a80000)
  to   space 11264K, 0% used [0x00000000f4a80000,0x00000000f4a80000,0x00000000f5580000)
 ParOldGen       total 156160K, used 36263K [0x00000000c0000000, 0x00000000c9880000, 0x00000000eab00000)
  object space 156160K, 23% used [0x00000000c0000000,0x00000000c2369ea8,0x00000000c9880000)
 Metaspace       used 66346K, capacity 69291K, committed 69400K, reserved 1110016K
  class space    used 8793K, capacity 9460K, committed 9520K, reserved 1048576K

Card table byte_map: [0x0000000012220000,0x0000000012430000] byte_map_base: 0x0000000011c20000

Marking Bits: (ParMarkBitMap*) 0x0000000069b72d00
 Begin Bits: [0x0000000012990000, 0x0000000013990000)
 End Bits:   [0x0000000013990000, 0x0000000014990000)

Polling page: 0x0000000002a10000

CodeCache: size=245760Kb used=33678Kb max_used=33732Kb free=212081Kb
 bounds [0x0000000002e60000, 0x0000000004f80000, 0x0000000011e60000]
 total_blobs=11115 nmethods=10318 adapters=708
 compilation: enabled

Compilation events (10 events):
Event: 3602.998 Thread 0x0000000015549800 12069       3       org.gradle.api.internal.tasks.CompositeTaskOutputPropertySpec::resolveToOutputProperties (103 bytes)
Event: 3602.999 Thread 0x0000000015549800 nmethod 12069 0x0000000004f469d0 code [0x0000000004f46c60, 0x0000000004f47de8]
Event: 3602.999 Thread 0x0000000015549800 12070       3       org.gradle.api.internal.changedetection.state.SetValueSnapshot::snapshot (18 bytes)
Event: 3603.000 Thread 0x0000000015549800 nmethod 12070 0x0000000004f46010 code [0x0000000004f461c0, 0x0000000004f467b8]
Event: 3603.000 Thread 0x0000000015549800 12071       3       org.gradle.api.internal.changedetection.state.SetValueSnapshot::isEqualSetValueSnapshot (30 bytes)
Event: 3603.000 Thread 0x0000000015549800 nmethod 12071 0x0000000004f458d0 code [0x0000000004f45a60, 0x0000000004f45ee8]
Event: 3603.049 Thread 0x0000000015549800 12072       1       java.util.concurrent.TimeUnit$3::toMillis (2 bytes)
Event: 3603.049 Thread 0x0000000015549800 nmethod 12072 0x0000000004f45610 code [0x0000000004f45760, 0x0000000004f45870]
Event: 3603.050 Thread 0x0000000015549800 12073       3       com.google.gson.internal.$Gson$Types::resolve (372 bytes)
Event: 3603.051 Thread 0x0000000015549800 nmethod 12073 0x0000000004f4e590 code [0x0000000004f4e9a0, 0x0000000004f51208]

GC Heap History (10 events):
Event: 12.249 GC heap before
{Heap before GC invocations=16 (full 3):
 PSYoungGen      total 131584K, used 10993K [0x00000000eab00000, 0x00000000f5900000, 0x0000000100000000)
  eden space 114176K, 0% used [0x00000000eab00000,0x00000000eab00000,0x00000000f1a80000)
  from space 17408K, 63% used [0x00000000f1a80000,0x00000000f253c588,0x00000000f2b80000)
  to   space 17408K, 0% used [0x00000000f4800000,0x00000000f4800000,0x00000000f5900000)
 ParOldGen       total 100864K, used 31750K [0x00000000c0000000, 0x00000000c6280000, 0x00000000eab00000)
  object space 100864K, 31% used [0x00000000c0000000,0x00000000c1f01af8,0x00000000c6280000)
 Metaspace       used 57292K, capacity 59061K, committed 59160K, reserved 1099776K
  class space    used 8012K, capacity 8496K, committed 8496K, reserved 1048576K
Event: 12.522 GC heap after
Heap after GC invocations=16 (full 3):
 PSYoungGen      total 131584K, used 0K [0x00000000eab00000, 0x00000000f5900000, 0x0000000100000000)
  eden space 114176K, 0% used [0x00000000eab00000,0x00000000eab00000,0x00000000f1a80000)
  from space 17408K, 0% used [0x00000000f1a80000,0x00000000f1a80000,0x00000000f2b80000)
  to   space 17408K, 0% used [0x00000000f4800000,0x00000000f4800000,0x00000000f5900000)
 ParOldGen       total 156160K, used 36231K [0x00000000c0000000, 0x00000000c9880000, 0x00000000eab00000)
  object space 156160K, 23% used [0x00000000c0000000,0x00000000c2361ea8,0x00000000c9880000)
 Metaspace       used 57292K, capacity 59061K, committed 59160K, reserved 1099776K
  class space    used 8012K, capacity 8496K, committed 8496K, reserved 1048576K
}
Event: 14.717 GC heap before
{Heap before GC invocations=17 (full 3):
 PSYoungGen      total 131584K, used 114176K [0x00000000eab00000, 0x00000000f5900000, 0x0000000100000000)
  eden space 114176K, 100% used [0x00000000eab00000,0x00000000f1a80000,0x00000000f1a80000)
  from space 17408K, 0% used [0x00000000f1a80000,0x00000000f1a80000,0x00000000f2b80000)
  to   space 17408K, 0% used [0x00000000f4800000,0x00000000f4800000,0x00000000f5900000)
 ParOldGen       total 156160K, used 36231K [0x00000000c0000000, 0x00000000c9880000, 0x00000000eab00000)
  object space 156160K, 23% used [0x00000000c0000000,0x00000000c2361ea8,0x00000000c9880000)
 Metaspace       used 60437K, capacity 62239K, committed 62360K, reserved 1103872K
  class space    used 8374K, capacity 8874K, committed 8880K, reserved 1048576K
Event: 14.726 GC heap after
Heap after GC invocations=17 (full 3):
 PSYoungGen      total 144896K, used 8723K [0x00000000eab00000, 0x00000000f5100000, 0x0000000100000000)
  eden space 135680K, 0% used [0x00000000eab00000,0x00000000eab00000,0x00000000f2f80000)
  from space 9216K, 94% used [0x00000000f4800000,0x00000000f5084f68,0x00000000f5100000)
  to   space 16384K, 0% used [0x00000000f3100000,0x00000000f3100000,0x00000000f4100000)
 ParOldGen       total 156160K, used 36239K [0x00000000c0000000, 0x00000000c9880000, 0x00000000eab00000)
  object space 156160K, 23% used [0x00000000c0000000,0x00000000c2363ea8,0x00000000c9880000)
 Metaspace       used 60437K, capacity 62239K, committed 62360K, reserved 1103872K
  class space    used 8374K, capacity 8874K, committed 8880K, reserved 1048576K
}
Event: 574.270 GC heap before
{Heap before GC invocations=18 (full 3):
 PSYoungGen      total 144896K, used 144403K [0x00000000eab00000, 0x00000000f5100000, 0x0000000100000000)
  eden space 135680K, 100% used [0x00000000eab00000,0x00000000f2f80000,0x00000000f2f80000)
  from space 9216K, 94% used [0x00000000f4800000,0x00000000f5084f68,0x00000000f5100000)
  to   space 16384K, 0% used [0x00000000f3100000,0x00000000f3100000,0x00000000f4100000)
 ParOldGen       total 156160K, used 36239K [0x00000000c0000000, 0x00000000c9880000, 0x00000000eab00000)
  object space 156160K, 23% used [0x00000000c0000000,0x00000000c2363ea8,0x00000000c9880000)
 Metaspace       used 64605K, capacity 66745K, committed 66840K, reserved 1107968K
  class space    used 8649K, capacity 9209K, committed 9264K, reserved 1048576K
Event: 574.285 GC heap after
Heap after GC invocations=18 (full 3):
 PSYoungGen      total 153600K, used 13221K [0x00000000eab00000, 0x00000000f6600000, 0x0000000100000000)
  eden space 137216K, 0% used [0x00000000eab00000,0x00000000eab00000,0x00000000f3100000)
  from space 16384K, 80% used [0x00000000f3100000,0x00000000f3de94b8,0x00000000f4100000)
  to   space 17408K, 0% used [0x00000000f5500000,0x00000000f5500000,0x00000000f6600000)
 ParOldGen       total 156160K, used 36247K [0x00000000c0000000, 0x00000000c9880000, 0x00000000eab00000)
  object space 156160K, 23% used [0x00000000c0000000,0x00000000c2365ea8,0x00000000c9880000)
 Metaspace       used 64605K, capacity 66745K, committed 66840K, reserved 1107968K
  class space    used 8649K, capacity 9209K, committed 9264K, reserved 1048576K
}
Event: 3201.581 GC heap before
{Heap before GC invocations=19 (full 3):
 PSYoungGen      total 153600K, used 150437K [0x00000000eab00000, 0x00000000f6600000, 0x0000000100000000)
  eden space 137216K, 100% used [0x00000000eab00000,0x00000000f3100000,0x00000000f3100000)
  from space 16384K, 80% used [0x00000000f3100000,0x00000000f3de94b8,0x00000000f4100000)
  to   space 17408K, 0% used [0x00000000f5500000,0x00000000f5500000,0x00000000f6600000)
 ParOldGen       total 156160K, used 36247K [0x00000000c0000000, 0x00000000c9880000, 0x00000000eab00000)
  object space 156160K, 23% used [0x00000000c0000000,0x00000000c2365ea8,0x00000000c9880000)
 Metaspace       used 65447K, capacity 67959K, committed 68248K, reserved 1107968K
  class space    used 8715K, capacity 9324K, committed 9392K, reserved 1048576K
Event: 3201.601 GC heap after
Heap after GC invocations=19 (full 3):
 PSYoungGen      total 147456K, used 13448K [0x00000000eab00000, 0x00000000f6280000, 0x0000000100000000)
  eden space 133632K, 0% used [0x00000000eab00000,0x00000000eab00000,0x00000000f2d80000)
  from space 13824K, 97% used [0x00000000f5500000,0x00000000f6222040,0x00000000f6280000)
  to   space 17920K, 0% used [0x00000000f3f80000,0x00000000f3f80000,0x00000000f5100000)
 ParOldGen       total 156160K, used 36255K [0x00000000c0000000, 0x00000000c9880000, 0x00000000eab00000)
  object space 156160K, 23% used [0x00000000c0000000,0x00000000c2367ea8,0x00000000c9880000)
 Metaspace       used 65447K, capacity 67959K, committed 68248K, reserved 1107968K
  class space    used 8715K, capacity 9324K, committed 9392K, reserved 1048576K
}
Event: 3601.807 GC heap before
{Heap before GC invocations=20 (full 3):
 PSYoungGen      total 147456K, used 147080K [0x00000000eab00000, 0x00000000f6280000, 0x0000000100000000)
  eden space 133632K, 100% used [0x00000000eab00000,0x00000000f2d80000,0x00000000f2d80000)
  from space 13824K, 97% used [0x00000000f5500000,0x00000000f6222040,0x00000000f6280000)
  to   space 17920K, 0% used [0x00000000f3f80000,0x00000000f3f80000,0x00000000f5100000)
 ParOldGen       total 156160K, used 36255K [0x00000000c0000000, 0x00000000c9880000, 0x00000000eab00000)
  object space 156160K, 23% used [0x00000000c0000000,0x00000000c2367ea8,0x00000000c9880000)
 Metaspace       used 66003K, capacity 68725K, committed 68760K, reserved 1107968K
  class space    used 8752K, capacity 9387K, committed 9392K, reserved 1048576K
Event: 3601.825 GC heap after
Heap after GC invocations=20 (full 3):
 PSYoungGen      total 141312K, used 11016K [0x00000000eab00000, 0x00000000f5580000, 0x0000000100000000)
  eden space 130048K, 0% used [0x00000000eab00000,0x00000000eab00000,0x00000000f2a00000)
  from space 11264K, 97% used [0x00000000f3f80000,0x00000000f4a42040,0x00000000f4a80000)
  to   space 11264K, 0% used [0x00000000f4a80000,0x00000000f4a80000,0x00000000f5580000)
 ParOldGen       total 156160K, used 36263K [0x00000000c0000000, 0x00000000c9880000, 0x00000000eab00000)
  object space 156160K, 23% used [0x00000000c0000000,0x00000000c2369ea8,0x00000000c9880000)
 Metaspace       used 66003K, capacity 68725K, committed 68760K, reserved 1107968K
  class space    used 8752K, capacity 9387K, committed 9392K, reserved 1048576K
}

Deoptimization events (10 events):
Event: 3202.208 Thread 0x000000001bbbb800 Uncommon trap: reason=unstable_if action=reinterpret pc=0x00000000045c652c method=java.util.concurrent.locks.LockSupport.unpark(Ljava/lang/Thread;)V @ 1
Event: 3202.366 Thread 0x000000001bbc2000 Uncommon trap: reason=array_check action=maybe_recompile pc=0x0000000004c903bc method=java.util.TimSort.binarySort([Ljava/lang/Object;IIILjava/util/Comparator;)V @ 215
Event: 3423.991 Thread 0x0000000017952000 Uncommon trap: reason=null_check action=make_not_entrant pc=0x0000000004d37b60 method=org.gradle.api.internal.collections.CollectionFilter.filter(Ljava/lang/Object;)Ljava/lang/Object; @ 5
Event: 3424.275 Thread 0x0000000017952000 Uncommon trap: reason=array_check action=maybe_recompile pc=0x0000000004c903bc method=java.util.TimSort.binarySort([Ljava/lang/Object;IIILjava/util/Comparator;)V @ 215
Event: 3424.811 Thread 0x000000001bbb8800 Uncommon trap: reason=array_check action=maybe_recompile pc=0x0000000004d9e030 method=java.util.TimSort.reverseRange([Ljava/lang/Object;II)V @ 27
Event: 3424.885 Thread 0x000000001bbb8800 Uncommon trap: reason=array_check action=maybe_recompile pc=0x0000000004d9e030 method=java.util.TimSort.reverseRange([Ljava/lang/Object;II)V @ 27
Event: 3424.997 Thread 0x000000001bbbd000 Uncommon trap: reason=array_check action=maybe_recompile pc=0x0000000004d9e030 method=java.util.TimSort.reverseRange([Ljava/lang/Object;II)V @ 27
Event: 3601.916 Thread 0x000000001794e000 Uncommon trap: reason=unstable_if action=reinterpret pc=0x000000000377deb8 method=java.lang.ref.SoftReference.get()Ljava/lang/Object; @ 6
Event: 3601.916 Thread 0x000000001794e000 Uncommon trap: reason=unstable_if action=reinterpret pc=0x00000000033ecf34 method=java.lang.ref.SoftReference.get()Ljava/lang/Object; @ 6
Event: 3602.332 Thread 0x000000001794e000 Uncommon trap: reason=unstable_if action=reinterpret pc=0x0000000004792458 method=java.util.concurrent.ConcurrentHashMap.putVal(Ljava/lang/Object;Ljava/lang/Object;Z)Ljava/lang/Object; @ 98

Classes redefined (0 events):
No events

Internal exceptions (10 events):
Event: 3601.413 Thread 0x000000001bbb9000 Exception <a 'sun/nio/fs/WindowsException'> (0x00000000f22a3848) thrown at [C:\re\workspace\8-2-build-windows-amd64-cygwin\jdk8u181\11358\hotspot\src\share\vm\prims\jni.cpp, line 709]
Event: 3601.413 Thread 0x000000001bbb9000 Exception <a 'sun/nio/fs/WindowsException'> (0x00000000f22a5a18) thrown at [C:\re\workspace\8-2-build-windows-amd64-cygwin\jdk8u181\11358\hotspot\src\share\vm\prims\jni.cpp, line 709]
Event: 3601.414 Thread 0x000000001bbb9000 Exception <a 'sun/nio/fs/WindowsException'> (0x00000000f22a6820) thrown at [C:\re\workspace\8-2-build-windows-amd64-cygwin\jdk8u181\11358\hotspot\src\share\vm\prims\jni.cpp, line 709]
Event: 3601.414 Thread 0x000000001bbb9000 Exception <a 'sun/nio/fs/WindowsException'> (0x00000000f22a9978) thrown at [C:\re\workspace\8-2-build-windows-amd64-cygwin\jdk8u181\11358\hotspot\src\share\vm\prims\jni.cpp, line 709]
Event: 3601.414 Thread 0x000000001bbb9000 Exception <a 'sun/nio/fs/WindowsException'> (0x00000000f22aa7b8) thrown at [C:\re\workspace\8-2-build-windows-amd64-cygwin\jdk8u181\11358\hotspot\src\share\vm\prims\jni.cpp, line 709]
Event: 3601.414 Thread 0x000000001bbb9000 Exception <a 'sun/nio/fs/WindowsException'> (0x00000000f22aca00) thrown at [C:\re\workspace\8-2-build-windows-amd64-cygwin\jdk8u181\11358\hotspot\src\share\vm\prims\jni.cpp, line 709]
Event: 3601.414 Thread 0x000000001bbb9000 Exception <a 'sun/nio/fs/WindowsException'> (0x00000000f22ad880) thrown at [C:\re\workspace\8-2-build-windows-amd64-cygwin\jdk8u181\11358\hotspot\src\share\vm\prims\jni.cpp, line 709]
Event: 3601.507 Thread 0x000000001bbb9000 Exception <a 'sun/nio/fs/WindowsException'> (0x00000000f2571948) thrown at [C:\re\workspace\8-2-build-windows-amd64-cygwin\jdk8u181\11358\hotspot\src\share\vm\prims\jni.cpp, line 709]
Event: 3601.788 Thread 0x000000001bbb9000 Exception <a 'sun/nio/fs/WindowsException'> (0x00000000f2b24128) thrown at [C:\re\workspace\8-2-build-windows-amd64-cygwin\jdk8u181\11358\hotspot\src\share\vm\prims\jni.cpp, line 709]
Event: 3601.916 Thread 0x000000001794e000 Implicit null exception at 0x000000000377dc60 to 0x000000000377de9d

Events (10 events):
Event: 3602.536 loading class org/gradle/internal/Describables$1
Event: 3602.536 loading class org/gradle/internal/Describables$1 done
Event: 3602.543 Executing VM operation: RevokeBias
Event: 3602.543 Executing VM operation: RevokeBias done
Event: 3602.570 Executing VM operation: RevokeBias
Event: 3602.570 Executing VM operation: RevokeBias done
Event: 3602.570 Executing VM operation: RevokeBias
Event: 3602.570 Executing VM operation: RevokeBias done
Event: 3602.570 Executing VM operation: RevokeBias
Event: 3602.570 Executing VM operation: RevokeBias done


Dynamic libraries:
0x00007ff7b77d0000 - 0x00007ff7b7807000 	C:\Program Files\Java\jdk1.8.0_181\bin\java.exe
0x00007ff976f00000 - 0x00007ff9770e1000 	C:\WINDOWS\SYSTEM32\ntdll.dll
0x00007ff9754b0000 - 0x00007ff975561000 	C:\WINDOWS\System32\KERNEL32.DLL
0x00007ff973440000 - 0x00007ff9736b3000 	C:\WINDOWS\System32\KERNELBASE.dll
0x00007ff9750f0000 - 0x00007ff975191000 	C:\WINDOWS\System32\ADVAPI32.dll
0x00007ff975360000 - 0x00007ff9753fe000 	C:\WINDOWS\System32\msvcrt.dll
0x00007ff975570000 - 0x00007ff9755cb000 	C:\WINDOWS\System32\sechost.dll
0x00007ff974be0000 - 0x00007ff974d04000 	C:\WINDOWS\System32\RPCRT4.dll
0x00007ff9751d0000 - 0x00007ff975360000 	C:\WINDOWS\System32\USER32.dll
0x00007ff973420000 - 0x00007ff973440000 	C:\WINDOWS\System32\win32u.dll
0x00007ff974690000 - 0x00007ff9746b8000 	C:\WINDOWS\System32\GDI32.dll
0x00007ff9736c0000 - 0x00007ff973852000 	C:\WINDOWS\System32\gdi32full.dll
0x00007ff973be0000 - 0x00007ff973c7f000 	C:\WINDOWS\System32\msvcp_win.dll
0x00007ff973320000 - 0x00007ff973418000 	C:\WINDOWS\System32\ucrtbase.dll
0x00007ff95f7b0000 - 0x00007ff95fa19000 	C:\WINDOWS\WinSxS\amd64_microsoft.windows.common-controls_6595b64144ccf1df_6.0.17134.706_none_fb43a2cb30647007\COMCTL32.dll
0x00007ff974790000 - 0x00007ff974ab2000 	C:\WINDOWS\System32\combase.dll
0x00007ff973970000 - 0x00007ff9739ea000 	C:\WINDOWS\System32\bcryptPrimitives.dll
0x00007ff9751a0000 - 0x00007ff9751cd000 	C:\WINDOWS\System32\IMM32.DLL
0x0000000069c00000 - 0x0000000069cd2000 	C:\Program Files\Java\jdk1.8.0_181\jre\bin\msvcr100.dll
0x0000000069350000 - 0x0000000069bf2000 	C:\Program Files\Java\jdk1.8.0_181\jre\bin\server\jvm.dll
0x00007ff974ee0000 - 0x00007ff974ee8000 	C:\WINDOWS\System32\PSAPI.DLL
0x00007ff960590000 - 0x00007ff960599000 	C:\WINDOWS\SYSTEM32\WSOCK32.dll
0x00007ff970a40000 - 0x00007ff970a63000 	C:\WINDOWS\SYSTEM32\WINMM.dll
0x00007ff974d10000 - 0x00007ff974d7c000 	C:\WINDOWS\System32\WS2_32.dll
0x00007ff96b620000 - 0x00007ff96b62a000 	C:\WINDOWS\SYSTEM32\VERSION.dll
0x00007ff970a10000 - 0x00007ff970a3a000 	C:\WINDOWS\SYSTEM32\WINMMBASE.dll
0x00007ff9732d0000 - 0x00007ff973319000 	C:\WINDOWS\System32\cfgmgr32.dll
0x0000000069340000 - 0x000000006934f000 	C:\Program Files\Java\jdk1.8.0_181\jre\bin\verify.dll
0x0000000069310000 - 0x0000000069339000 	C:\Program Files\Java\jdk1.8.0_181\jre\bin\java.dll
0x00000000692f0000 - 0x0000000069306000 	C:\Program Files\Java\jdk1.8.0_181\jre\bin\zip.dll
0x00007ff9755e0000 - 0x00007ff976a20000 	C:\WINDOWS\System32\SHELL32.dll
0x00007ff975400000 - 0x00007ff9754a9000 	C:\WINDOWS\System32\shcore.dll
0x00007ff973c80000 - 0x00007ff97438d000 	C:\WINDOWS\System32\windows.storage.dll
0x00007ff974b80000 - 0x00007ff974bd1000 	C:\WINDOWS\System32\shlwapi.dll
0x00007ff973290000 - 0x00007ff9732a1000 	C:\WINDOWS\System32\kernel.appcore.dll
0x00007ff9732b0000 - 0x00007ff9732cf000 	C:\WINDOWS\System32\profapi.dll
0x00007ff973240000 - 0x00007ff97328c000 	C:\WINDOWS\System32\powrprof.dll
0x00007ff973230000 - 0x00007ff97323a000 	C:\WINDOWS\System32\FLTLIB.DLL
0x00000000692d0000 - 0x00000000692ea000 	C:\Program Files\Java\jdk1.8.0_181\jre\bin\net.dll
0x00007ff972a90000 - 0x00007ff972af6000 	C:\WINDOWS\system32\mswsock.dll
0x00000000692b0000 - 0x00000000692c1000 	C:\Program Files\Java\jdk1.8.0_181\jre\bin\nio.dll
0x00007ff95b1b0000 - 0x00007ff95b1ce000 	C:\Users\danie\.gradle\native\25\windows-amd64\native-platform.dll
0x00000000692a0000 - 0x00000000692ad000 	C:\Program Files\Java\jdk1.8.0_181\jre\bin\management.dll
0x00007ff972c40000 - 0x00007ff972c57000 	C:\WINDOWS\SYSTEM32\CRYPTSP.dll
0x00007ff972670000 - 0x00007ff9726a3000 	C:\WINDOWS\system32\rsaenh.dll
0x00007ff972d70000 - 0x00007ff972d95000 	C:\WINDOWS\SYSTEM32\bcrypt.dll
0x00007ff973140000 - 0x00007ff973168000 	C:\WINDOWS\SYSTEM32\USERENV.dll
0x00007ff972c60000 - 0x00007ff972c6b000 	C:\WINDOWS\SYSTEM32\CRYPTBASE.dll
0x00007ff972810000 - 0x00007ff972848000 	C:\WINDOWS\SYSTEM32\IPHLPAPI.DLL
0x00007ff974680000 - 0x00007ff974688000 	C:\WINDOWS\System32\NSI.dll
0x00007ff96c040000 - 0x00007ff96c056000 	C:\WINDOWS\SYSTEM32\dhcpcsvc6.DLL
0x00007ff96c290000 - 0x00007ff96c2aa000 	C:\WINDOWS\SYSTEM32\dhcpcsvc.DLL
0x00007ff972850000 - 0x00007ff97290e000 	C:\WINDOWS\SYSTEM32\DNSAPI.dll
0x00007ff964130000 - 0x00007ff96413a000 	C:\Windows\System32\rasadhlp.dll
0x00007ff964930000 - 0x00007ff9649a2000 	C:\WINDOWS\System32\fwpuclnt.dll

VM Arguments:
jvm_args: -XX:+HeapDumpOnOutOfMemoryError -Xmx1024m -Dfile.encoding=windows-1252 -Duser.country=BR -Duser.language=pt -Duser.variant 
java_command: org.gradle.launcher.daemon.bootstrap.GradleDaemon 4.10.2
java_class_path (initial): C:\Users\danie\.gradle\wrapper\dists\gradle-4.10.2-all\9fahxiiecdb76a5g3aw9oi8rv\gradle-4.10.2\lib\gradle-launcher-4.10.2.jar
Launcher Type: SUN_STANDARD

Environment Variables:
JAVA_HOME=C:\Program Files\Java\jdk1.8.0_181
CLASSPATH=C:\Users\danie\Documents\React\adedonha\android\\gradle\wrapper\gradle-wrapper.jar
PATH=C:\Users\danie\bin;C:\Program Files\Git\mingw64\bin;C:\Program Files\Git\usr\local\bin;C:\Program Files\Git\usr\bin;C:\Program Files\Git\usr\bin;C:\Program Files\Git\mingw64\bin;C:\Program Files\Git\usr\bin;C:\Users\danie\bin;C:\Program Files (x86)\Common Files\Oracle\Java\javapath;C:\Program Files (x86)\Intel\iCLS Client;C:\Program Files\Intel\iCLS Client;C:\windows\system32;C:\windows;C:\windows\System32\Wbem;C:\windows\System32\WindowsPowerShell\v1.0;C:\Program Files (x86)\NVIDIA Corporation\PhysX\Common;C:\Program Files (x86)\Intel\Intel(R) Management Engine Components\DAL;C:\Program Files\Intel\Intel(R) Management Engine Components\DAL;C:\Program Files (x86)\Intel\Intel(R) Management Engine Components\IPT;C:\Program Files\Intel\Intel(R) Management Engine Components\IPT;C:\WINDOWS\system32;C:\WINDOWS;C:\WINDOWS\System32\Wbem;C:\WINDOWS\System32\WindowsPowerShell\v1.0;C:\WINDOWS\System32\OpenSSH;C:\Program Files\apache-maven-3.5.4\bin;C:\Program Files\Git\cmd;C:\PostgreSQL\pg10\bin;C:\Program Files\nodejs;C:\gradle-5.3\bin;%ANDROID_HOME%\tools;%ANDROID_HOME%\platform-tools;C:\Users\danie\AppData\Local\Microsoft\WindowsApps;C:\Program Files\apache-maven-3.5.4\bin;C:\Program Files\Java\jdk1.8.0_181\bin;C:\Users\danie\AppData\Roaming\npm;C:\Users\danie\AppData\Local\Programs\Microsoft VS Code\bin;C:\Program Files (x86)\Minimal ADB and Fastboot;C:\Program Files\Git\usr\bin\vendor_perl;C:\Program Files\Git\usr\bin\core_perl
USERNAME=danie
SHELL=C:\Program Files\Git\usr\bin\bash.exe
DISPLAY=needs-to-be-defined
OS=Windows_NT
PROCESSOR_IDENTIFIER=Intel64 Family 6 Model 142 Stepping 9, GenuineIntel



---------------  S Y S T E M  ---------------

OS: Windows 10.0 , 64 bit Build 17134 (10.0.17134.706)

CPU:total 4 (initial active 4) (2 cores per cpu, 2 threads per core) family 6 model 142 stepping 9, cmov, cx8, fxsr, mmx, sse, sse2, sse3, ssse3, sse4.1, sse4.2, popcnt, avx, avx2, aes, clmul, erms, 3dnowpref, lzcnt, ht, tsc, tscinvbit, bmi1, bmi2, adx

Memory: 4k page, physical 8296228k(1355408k free), swap 8296228k(6068k free)

vm_info: Java HotSpot(TM) 64-Bit Server VM (25.181-b13) for windows-amd64 JRE (1.8.0_181-b13), built on Jul  7 2018 04:01:33 by "java_re" with MS VC++ 10.0 (VS2010)

time: Mon Apr 15 15:59:25 2019
elapsed time: 3603 seconds (0d 1h 0m 3s)

