#
# There is insufficient memory for the Java Runtime Environment to continue.
# Native memory allocation (malloc) failed to allocate 32744 bytes for ChunkPool::allocate
# Possible reasons:
#   The system is out of physical RAM or swap space
#   In 32 bit mode, the process size limit was hit
# Possible solutions:
#   Reduce memory load on the system
#   Increase physical memory or swap space
#   Check if swap backing store is full
#   Use 64 bit Java on a 64 bit OS
#   Decrease Java heap size (-Xmx/-Xms)
#   Decrease number of Java threads
#   Decrease Java thread stack sizes (-Xss)
#   Set larger code cache with -XX:ReservedCodeCacheSize=
# This output file may be truncated or incomplete.
#
#  Out of Memory Error (allocation.cpp:273), pid=11560, tid=0x0000000000003570
#
# JRE version: Java(TM) SE Runtime Environment (8.0_181-b13) (build 1.8.0_181-b13)
# Java VM: Java HotSpot(TM) 64-Bit Server VM (25.181-b13 mixed mode windows-amd64 compressed oops)
# Failed to write core dump. Minidumps are not enabled by default on client versions of Windows
#

---------------  T H R E A D  ---------------

Current thread (0x0000000014d28000):  VMThread [stack: 0x0000000015db0000,0x0000000015eb0000] [id=13680]

Stack: [0x0000000015db0000,0x0000000015eb0000]
[error occurred during error reporting (printing stack bounds), id 0xc0000005]

Native frames: (J=compiled Java code, j=interpreted, Vv=VM code, C=native code)

VM_Operation (0x00000000297eeb90): BulkRevokeBias, mode: safepoint, requested by thread 0x00000000170fa000


---------------  P R O C E S S  ---------------

Java Threads: ( => current thread )
  0x0000000017106000 JavaThread "Cache worker for Build Output Cleanup Cache (C:\Users\danie\Documents\React\adedonha\android\.gradle\buildOutputCleanup)" [_thread_blocked, id=3664, stack(0x000000002a5f0000,0x000000002a6f0000)]
  0x0000000017104800 JavaThread "Cache worker for task history cache (C:\Users\danie\Documents\React\adedonha\android\.gradle\4.10.2\taskHistory)" [_thread_blocked, id=8828, stack(0x000000002a4f0000,0x000000002a5f0000)]
  0x00000000170ff800 JavaThread "Cache worker for file content cache (C:\Users\danie\Documents\React\adedonha\android\.gradle\4.10.2\fileContent)" [_thread_blocked, id=8488, stack(0x000000002a0f0000,0x000000002a1f0000)]
  0x0000000017104000 JavaThread "pool-7-thread-1" [_thread_blocked, id=12632, stack(0x0000000029ff0000,0x000000002a0f0000)]
  0x0000000017105800 JavaThread "Build operations Thread 4" [_thread_blocked, id=6444, stack(0x0000000029ef0000,0x0000000029ff0000)]
  0x0000000017101800 JavaThread "Build operations Thread 3" [_thread_blocked, id=15704, stack(0x0000000029df0000,0x0000000029ef0000)]
  0x0000000017101000 JavaThread "Build operations Thread 2" [_thread_blocked, id=4556, stack(0x0000000029cf0000,0x0000000029df0000)]
  0x00000000170f7800 JavaThread "Build operations" [_thread_blocked, id=13452, stack(0x0000000029bf0000,0x0000000029cf0000)]
  0x00000000170f7000 JavaThread "Cache worker for cache directory md-rule (C:\Users\danie\.gradle\caches\4.10.2\md-rule)" [_thread_blocked, id=15612, stack(0x0000000029af0000,0x0000000029bf0000)]
  0x00000000170fd000 JavaThread "Cache worker for cache directory md-supplier (C:\Users\danie\.gradle\caches\4.10.2\md-supplier)" [_thread_blocked, id=11732, stack(0x00000000299f0000,0x0000000029af0000)]
  0x00000000170fc800 JavaThread "Cache worker for file hash cache (C:\Users\danie\Documents\React\adedonha\android\.gradle\4.10.2\fileHashes)" [_thread_blocked, id=1776, stack(0x00000000298f0000,0x00000000299f0000)]
  0x00000000170f9000 JavaThread "Stdin handler" [_thread_blocked, id=16328, stack(0x00000000297f0000,0x00000000298f0000)]
  0x00000000170fa000 JavaThread "Asynchronous log dispatcher for DefaultDaemonConnection: socket connection from /127.0.0.1:3312 to /127.0.0.1:3846" [_thread_blocked, id=8008, stack(0x00000000296f0000,0x00000000297f0000)]
  0x00000000170fb800 JavaThread "Daemon worker Thread 6" [_thread_blocked, id=12428, stack(0x00000000295f0000,0x00000000296f0000)]
  0x00000000170fa800 JavaThread "Cancel handler" [_thread_blocked, id=11572, stack(0x00000000294f0000,0x00000000295f0000)]
  0x00000000170fe000 JavaThread "Handler for socket connection from /127.0.0.1:3312 to /127.0.0.1:3846" [_thread_in_native, id=10544, stack(0x00000000293f0000,0x00000000294f0000)]
  0x00000000170f8800 JavaThread "Daemon Thread 6" [_thread_blocked, id=12820, stack(0x00000000292f0000,0x00000000293f0000)]
  0x000000001aa13800 JavaThread "Device List Monitor" [_thread_in_native, id=14016, stack(0x0000000022cf0000,0x0000000022df0000)]
  0x000000001aa11000 JavaThread "Monitor" [_thread_in_native, id=14828, stack(0x00000000228f0000,0x00000000229f0000)]
  0x000000001aa06800 JavaThread "Cache worker for file content cache (C:\Users\danie\.gradle\caches\4.10.2\fileContent)" [_thread_blocked, id=1812, stack(0x0000000021df0000,0x0000000021ef0000)]
  0x000000001aa08000 JavaThread "Memory manager" [_thread_blocked, id=5532, stack(0x0000000020960000,0x0000000020a60000)]
  0x000000001aa0a800 JavaThread "Cache worker for Artifact transforms cache (C:\Users\danie\.gradle\caches\transforms-1)" [_thread_blocked, id=4000, stack(0x000000001e8b0000,0x000000001e9b0000)]
  0x00000000180c6000 JavaThread "Cache worker for journal cache (C:\Users\danie\.gradle\caches\journal-1)" [_thread_blocked, id=13936, stack(0x000000001d100000,0x000000001d200000)]
  0x00000000180c7800 JavaThread "File lock request listener" [_thread_in_native, id=13308, stack(0x000000001ba00000,0x000000001bb00000)]
  0x00000000180c4800 JavaThread "Cache worker for file hash cache (C:\Users\danie\.gradle\caches\4.10.2\fileHashes)" [_thread_blocked, id=7088, stack(0x000000001b5c0000,0x000000001b6c0000)]
  0x0000000017f31000 JavaThread "Daemon periodic checks" [_thread_blocked, id=8704, stack(0x0000000018d20000,0x0000000018e20000)]
  0x00000000178f3000 JavaThread "Incoming local TCP Connector on port 3312" [_thread_in_native, id=12724, stack(0x0000000018ad0000,0x0000000018bd0000)]
  0x0000000017970000 JavaThread "Daemon health stats" [_thread_blocked, id=5012, stack(0x0000000018490000,0x0000000018590000)]
  0x00000000166eb000 JavaThread "Service Thread" daemon [_thread_blocked, id=7132, stack(0x0000000016ac0000,0x0000000016bc0000)]
  0x0000000014d6e800 JavaThread "C1 CompilerThread2" daemon [_thread_blocked, id=7636, stack(0x00000000165c0000,0x00000000166c0000)]
  0x0000000014d67000 JavaThread "C2 CompilerThread1" daemon [_thread_blocked, id=11968, stack(0x00000000164c0000,0x00000000165c0000)]
  0x0000000014d62800 JavaThread "C2 CompilerThread0" daemon [_thread_blocked, id=3428, stack(0x00000000163c0000,0x00000000164c0000)]
  0x0000000014d61000 JavaThread "Attach Listener" daemon [_thread_blocked, id=9760, stack(0x00000000162c0000,0x00000000163c0000)]
  0x0000000014d60000 JavaThread "Signal Dispatcher" daemon [_thread_blocked, id=15592, stack(0x00000000161c0000,0x00000000162c0000)]
  0x000000000259c800 JavaThread "Finalizer" daemon [_thread_blocked, id=3988, stack(0x0000000015fb0000,0x00000000160b0000)]
  0x0000000002592000 JavaThread "Reference Handler" daemon [_thread_blocked, id=14092, stack(0x0000000015eb0000,0x0000000015fb0000)]
  0x000000000268e800 JavaThread "main" [_thread_blocked, id=5752, stack(0x0000000002350000,0x0000000002450000)]

Other Threads:
=>0x0000000014d28000 VMThread [stack: 0x0000000015db0000,0x0000000015eb0000] [id=13680]
  0x0000000016706800 WatcherThread [stack: 0x0000000016bc0000,0x0000000016cc0000] [id=13828]

VM state:at safepoint (normal execution)

VM Mutex/Monitor currently owned by a thread:  ([mutex/lock_event])
[0x00000000024a0b50] Threads_lock - owner thread: 0x0000000014d28000

Heap:
 PSYoungGen      total 124928K, used 96311K [0x00000000eab00000, 0x00000000f3d00000, 0x0000000100000000)
  eden space 104448K, 78% used [0x00000000eab00000,0x00000000efb4fd98,0x00000000f1100000)
  from space 20480K, 68% used [0x00000000f2900000,0x00000000f36be050,0x00000000f3d00000)
  to   space 22528K, 0% used [0x00000000f1100000,0x00000000f1100000,0x00000000f2700000)
 ParOldGen       total 162816K, used 39889K [0x00000000c0000000, 0x00000000c9f00000, 0x00000000eab00000)
  object space 162816K, 24% used [0x00000000c0000000,0x00000000c26f4570,0x00000000c9f00000)
 Metaspace       used 66529K, capacity 69510K, committed 69656K, reserved 1110016K
  class space    used 8800K, capacity 9463K, committed 9520K, reserved 1048576K

Card table byte_map: [0x0000000011a50000,0x0000000011c60000] byte_map_base: 0x0000000011450000

Marking Bits: (ParMarkBitMap*) 0x0000000069b72d00
 Begin Bits: [0x00000000121c0000, 0x00000000131c0000)
 End Bits:   [0x00000000131c0000, 0x00000000141c0000)

Polling page: 0x0000000000c00000

CodeCache: size=245760Kb used=34996Kb max_used=35022Kb free=210763Kb
 bounds [0x0000000002690000, 0x0000000004910000, 0x0000000011690000]
 total_blobs=11304 nmethods=10506 adapters=708
 compilation: enabled

Compilation events (10 events):
Event: 2165.796 Thread 0x0000000014d62800 nmethod 12285 0x0000000002e5ed50 code [0x0000000002e5eea0, 0x0000000002e5ef28]
Event: 2170.846 Thread 0x0000000014d6e800 12286       1       java.lang.StackTraceElement::getClassName (5 bytes)
Event: 2170.846 Thread 0x0000000014d6e800 nmethod 12286 0x0000000003982b50 code [0x0000000003982ca0, 0x0000000003982db0]
Event: 2170.846 Thread 0x0000000014d6e800 12287       3       java.io.PrintWriter::ensureOpen (18 bytes)
Event: 2170.847 Thread 0x0000000014d6e800 nmethod 12287 0x0000000002f5d910 code [0x0000000002f5da80, 0x0000000002f5dcc8]
Event: 2170.851 Thread 0x0000000014d6e800 12288       1       java.lang.StackTraceElement::getLineNumber (5 bytes)
Event: 2170.851 Thread 0x0000000014d6e800 nmethod 12288 0x000000000450cb50 code [0x000000000450cca0, 0x000000000450cdb0]
Event: 2170.851 Thread 0x0000000014d6e800 12289       1       java.lang.StackTraceElement::getFileName (5 bytes)
Event: 2170.851 Thread 0x0000000014d6e800 nmethod 12289 0x000000000450c7d0 code [0x000000000450c920, 0x000000000450ca30]
Event: 2170.853 Thread 0x0000000014d6e800 12290       3       org.codehaus.groovy.runtime.StackTraceUtils::isApplicationClass (84 bytes)

GC Heap History (10 events):
Event: 15.388 GC heap before
{Heap before GC invocations=17 (full 3):
 PSYoungGen      total 117760K, used 98304K [0x00000000eab00000, 0x00000000f4e00000, 0x0000000100000000)
  eden space 98304K, 100% used [0x00000000eab00000,0x00000000f0b00000,0x00000000f0b00000)
  from space 19456K, 0% used [0x00000000f0b00000,0x00000000f0b00000,0x00000000f1e00000)
  to   space 23040K, 0% used [0x00000000f3780000,0x00000000f3780000,0x00000000f4e00000)
 ParOldGen       total 162816K, used 39849K [0x00000000c0000000, 0x00000000c9f00000, 0x00000000eab00000)
  object space 162816K, 24% used [0x00000000c0000000,0x00000000c26ea570,0x00000000c9f00000)
 Metaspace       used 60206K, capacity 62032K, committed 62104K, reserved 1101824K
  class space    used 8344K, capacity 8858K, committed 8880K, reserved 1048576K
Event: 15.400 GC heap after
Heap after GC invocations=17 (full 3):
 PSYoungGen      total 129536K, used 8135K [0x00000000eab00000, 0x00000000f4680000, 0x0000000100000000)
  eden space 114176K, 0% used [0x00000000eab00000,0x00000000eab00000,0x00000000f1a80000)
  from space 15360K, 52% used [0x00000000f3780000,0x00000000f3f71d50,0x00000000f4680000)
  to   space 22528K, 0% used [0x00000000f1a80000,0x00000000f1a80000,0x00000000f3080000)
 ParOldGen       total 162816K, used 39857K [0x00000000c0000000, 0x00000000c9f00000, 0x00000000eab00000)
  object space 162816K, 24% used [0x00000000c0000000,0x00000000c26ec570,0x00000000c9f00000)
 Metaspace       used 60206K, capacity 62032K, committed 62104K, reserved 1101824K
  class space    used 8344K, capacity 8858K, committed 8880K, reserved 1048576K
}
Event: 939.366 GC heap before
{Heap before GC invocations=18 (full 3):
 PSYoungGen      total 129536K, used 122311K [0x00000000eab00000, 0x00000000f4680000, 0x0000000100000000)
  eden space 114176K, 100% used [0x00000000eab00000,0x00000000f1a80000,0x00000000f1a80000)
  from space 15360K, 52% used [0x00000000f3780000,0x00000000f3f71d50,0x00000000f4680000)
  to   space 22528K, 0% used [0x00000000f1a80000,0x00000000f1a80000,0x00000000f3080000)
 ParOldGen       total 162816K, used 39857K [0x00000000c0000000, 0x00000000c9f00000, 0x00000000eab00000)
  object space 162816K, 24% used [0x00000000c0000000,0x00000000c26ec570,0x00000000c9f00000)
 Metaspace       used 64362K, capacity 66346K, committed 66584K, reserved 1105920K
  class space    used 8633K, capacity 9177K, committed 9264K, reserved 1048576K
Event: 939.380 GC heap after
Heap after GC invocations=18 (full 3):
 PSYoungGen      total 128000K, used 16133K [0x00000000eab00000, 0x00000000f4600000, 0x0000000100000000)
  eden space 111616K, 0% used [0x00000000eab00000,0x00000000eab00000,0x00000000f1800000)
  from space 16384K, 98% used [0x00000000f1a80000,0x00000000f2a414a8,0x00000000f2a80000)
  to   space 23552K, 0% used [0x00000000f2f00000,0x00000000f2f00000,0x00000000f4600000)
 ParOldGen       total 162816K, used 39865K [0x00000000c0000000, 0x00000000c9f00000, 0x00000000eab00000)
  object space 162816K, 24% used [0x00000000c0000000,0x00000000c26ee570,0x00000000c9f00000)
 Metaspace       used 64362K, capacity 66346K, committed 66584K, reserved 1105920K
  class space    used 8633K, capacity 9177K, committed 9264K, reserved 1048576K
}
Event: 1662.892 GC heap before
{Heap before GC invocations=19 (full 3):
 PSYoungGen      total 128000K, used 127749K [0x00000000eab00000, 0x00000000f4600000, 0x0000000100000000)
  eden space 111616K, 100% used [0x00000000eab00000,0x00000000f1800000,0x00000000f1800000)
  from space 16384K, 98% used [0x00000000f1a80000,0x00000000f2a414a8,0x00000000f2a80000)
  to   space 23552K, 0% used [0x00000000f2f00000,0x00000000f2f00000,0x00000000f4600000)
 ParOldGen       total 162816K, used 39865K [0x00000000c0000000, 0x00000000c9f00000, 0x00000000eab00000)
  object space 162816K, 24% used [0x00000000c0000000,0x00000000c26ee570,0x00000000c9f00000)
 Metaspace       used 65189K, capacity 67638K, committed 67992K, reserved 1107968K
  class space    used 8693K, capacity 9281K, committed 9392K, reserved 1048576K
Event: 1662.908 GC heap after
Heap after GC invocations=19 (full 3):
 PSYoungGen      total 128000K, used 8360K [0x00000000eab00000, 0x00000000f4180000, 0x0000000100000000)
  eden space 109056K, 0% used [0x00000000eab00000,0x00000000eab00000,0x00000000f1580000)
  from space 18944K, 44% used [0x00000000f2f00000,0x00000000f372a040,0x00000000f4180000)
  to   space 22528K, 0% used [0x00000000f1580000,0x00000000f1580000,0x00000000f2b80000)
 ParOldGen       total 162816K, used 39873K [0x00000000c0000000, 0x00000000c9f00000, 0x00000000eab00000)
  object space 162816K, 24% used [0x00000000c0000000,0x00000000c26f0570,0x00000000c9f00000)
 Metaspace       used 65189K, capacity 67638K, committed 67992K, reserved 1107968K
  class space    used 8693K, capacity 9281K, committed 9392K, reserved 1048576K
}
Event: 1745.033 GC heap before
{Heap before GC invocations=20 (full 3):
 PSYoungGen      total 128000K, used 117416K [0x00000000eab00000, 0x00000000f4180000, 0x0000000100000000)
  eden space 109056K, 100% used [0x00000000eab00000,0x00000000f1580000,0x00000000f1580000)
  from space 18944K, 44% used [0x00000000f2f00000,0x00000000f372a040,0x00000000f4180000)
  to   space 22528K, 0% used [0x00000000f1580000,0x00000000f1580000,0x00000000f2b80000)
 ParOldGen       total 162816K, used 39873K [0x00000000c0000000, 0x00000000c9f00000, 0x00000000eab00000)
  object space 162816K, 24% used [0x00000000c0000000,0x00000000c26f0570,0x00000000c9f00000)
 Metaspace       used 65704K, capacity 68290K, committed 68504K, reserved 1107968K
  class space    used 8724K, capacity 9335K, committed 9392K, reserved 1048576K
Event: 1745.052 GC heap after
Heap after GC invocations=20 (full 3):
 PSYoungGen      total 119808K, used 13192K [0x00000000eab00000, 0x00000000f3f00000, 0x0000000100000000)
  eden space 106496K, 0% used [0x00000000eab00000,0x00000000eab00000,0x00000000f1300000)
  from space 13312K, 99% used [0x00000000f1580000,0x00000000f2262040,0x00000000f2280000)
  to   space 22528K, 0% used [0x00000000f2900000,0x00000000f2900000,0x00000000f3f00000)
 ParOldGen       total 162816K, used 39881K [0x00000000c0000000, 0x00000000c9f00000, 0x00000000eab00000)
  object space 162816K, 24% used [0x00000000c0000000,0x00000000c26f2570,0x00000000c9f00000)
 Metaspace       used 65704K, capacity 68290K, committed 68504K, reserved 1107968K
  class space    used 8724K, capacity 9335K, committed 9392K, reserved 1048576K
}
Event: 2003.592 GC heap before
{Heap before GC invocations=21 (full 3):
 PSYoungGen      total 119808K, used 119688K [0x00000000eab00000, 0x00000000f3f00000, 0x0000000100000000)
  eden space 106496K, 100% used [0x00000000eab00000,0x00000000f1300000,0x00000000f1300000)
  from space 13312K, 99% used [0x00000000f1580000,0x00000000f2262040,0x00000000f2280000)
  to   space 22528K, 0% used [0x00000000f2900000,0x00000000f2900000,0x00000000f3f00000)
 ParOldGen       total 162816K, used 39881K [0x00000000c0000000, 0x00000000c9f00000, 0x00000000eab00000)
  object space 162816K, 24% used [0x00000000c0000000,0x00000000c26f2570,0x00000000c9f00000)
 Metaspace       used 66318K, capacity 69348K, committed 69656K, reserved 1110016K
  class space    used 8794K, capacity 9458K, committed 9520K, reserved 1048576K
Event: 2003.611 GC heap after
Heap after GC invocations=21 (full 3):
 PSYoungGen      total 124928K, used 14072K [0x00000000eab00000, 0x00000000f3d00000, 0x0000000100000000)
  eden space 104448K, 0% used [0x00000000eab00000,0x00000000eab00000,0x00000000f1100000)
  from space 20480K, 68% used [0x00000000f2900000,0x00000000f36be050,0x00000000f3d00000)
  to   space 22528K, 0% used [0x00000000f1100000,0x00000000f1100000,0x00000000f2700000)
 ParOldGen       total 162816K, used 39889K [0x00000000c0000000, 0x00000000c9f00000, 0x00000000eab00000)
  object space 162816K, 24% used [0x00000000c0000000,0x00000000c26f4570,0x00000000c9f00000)
 Metaspace       used 66318K, capacity 69348K, committed 69656K, reserved 1110016K
  class space    used 8794K, capacity 9458K, committed 9520K, reserved 1048576K
}

Deoptimization events (10 events):
Event: 2162.657 Thread 0x0000000017103000 Uncommon trap: reason=array_check action=maybe_recompile pc=0x00000000047aa1c8 method=java.util.TimSort.reverseRange([Ljava/lang/Object;II)V @ 20
Event: 2162.702 Thread 0x0000000017103000 Uncommon trap: reason=array_check action=maybe_recompile pc=0x00000000047aa1c8 method=java.util.TimSort.reverseRange([Ljava/lang/Object;II)V @ 20
Event: 2162.833 Thread 0x0000000017100000 Uncommon trap: reason=array_check action=maybe_recompile pc=0x000000000338e844 method=java.util.TimSort.reverseRange([Ljava/lang/Object;II)V @ 27
Event: 2162.871 Thread 0x0000000017100000 Uncommon trap: reason=array_check action=maybe_recompile pc=0x000000000338e844 method=java.util.TimSort.reverseRange([Ljava/lang/Object;II)V @ 27
Event: 2170.845 Thread 0x00000000170fb800 Uncommon trap: reason=class_check action=maybe_recompile pc=0x00000000031caf80 method=java.lang.Throwable.<init>(Ljava/lang/String;Ljava/lang/Throwable;)V @ 24
Event: 2170.848 Thread 0x00000000170fb800 Uncommon trap: reason=unstable_if action=reinterpret pc=0x00000000042d9330 method=org.gradle.internal.operations.DefaultBuildOperationExecutor.execute(Lorg/gradle/internal/operations/BuildOperation;Lorg/gradle/internal/operations/BuildOperationWorker;Lorg
Event: 2170.848 Thread 0x00000000170fb800 Uncommon trap: reason=class_check action=maybe_recompile pc=0x00000000031caf80 method=java.lang.Throwable.<init>(Ljava/lang/String;Ljava/lang/Throwable;)V @ 24
Event: 2170.849 Thread 0x00000000170fb800 Uncommon trap: reason=unstable_if action=reinterpret pc=0x00000000042d9330 method=org.gradle.internal.operations.DefaultBuildOperationExecutor.execute(Lorg/gradle/internal/operations/BuildOperation;Lorg/gradle/internal/operations/BuildOperationWorker;Lorg
Event: 2170.850 Thread 0x00000000170fb800 Uncommon trap: reason=unstable_if action=reinterpret pc=0x00000000042d9330 method=org.gradle.internal.operations.DefaultBuildOperationExecutor.execute(Lorg/gradle/internal/operations/BuildOperation;Lorg/gradle/internal/operations/BuildOperationWorker;Lorg
Event: 2170.852 Thread 0x00000000170fa000 Uncommon trap: reason=unstable_if action=reinterpret pc=0x0000000002b55330 method=com.esotericsoftware.kryo.io.Output.writeString(Ljava/lang/CharSequence;)V @ 83

Classes redefined (0 events):
No events

Internal exceptions (10 events):
Event: 2161.780 Thread 0x00000000170fb800 Exception <a 'sun/nio/fs/WindowsException'> (0x00000000ec0b9568) thrown at [C:\re\workspace\8-2-build-windows-amd64-cygwin\jdk8u181\11358\hotspot\src\share\vm\prims\jni.cpp, line 709]
Event: 2161.780 Thread 0x00000000170fb800 Exception <a 'sun/nio/fs/WindowsException'> (0x00000000ec0ba370) thrown at [C:\re\workspace\8-2-build-windows-amd64-cygwin\jdk8u181\11358\hotspot\src\share\vm\prims\jni.cpp, line 709]
Event: 2161.780 Thread 0x00000000170fb800 Exception <a 'sun/nio/fs/WindowsException'> (0x00000000ec0bd4c8) thrown at [C:\re\workspace\8-2-build-windows-amd64-cygwin\jdk8u181\11358\hotspot\src\share\vm\prims\jni.cpp, line 709]
Event: 2161.780 Thread 0x00000000170fb800 Exception <a 'sun/nio/fs/WindowsException'> (0x00000000ec0be308) thrown at [C:\re\workspace\8-2-build-windows-amd64-cygwin\jdk8u181\11358\hotspot\src\share\vm\prims\jni.cpp, line 709]
Event: 2161.780 Thread 0x00000000170fb800 Exception <a 'sun/nio/fs/WindowsException'> (0x00000000ec0c0550) thrown at [C:\re\workspace\8-2-build-windows-amd64-cygwin\jdk8u181\11358\hotspot\src\share\vm\prims\jni.cpp, line 709]
Event: 2161.780 Thread 0x00000000170fb800 Exception <a 'sun/nio/fs/WindowsException'> (0x00000000ec0c13d0) thrown at [C:\re\workspace\8-2-build-windows-amd64-cygwin\jdk8u181\11358\hotspot\src\share\vm\prims\jni.cpp, line 709]
Event: 2161.836 Thread 0x00000000170fb800 Exception <a 'sun/nio/fs/WindowsException'> (0x00000000ec36d620) thrown at [C:\re\workspace\8-2-build-windows-amd64-cygwin\jdk8u181\11358\hotspot\src\share\vm\prims\jni.cpp, line 709]
Event: 2162.027 Thread 0x00000000170fb800 Exception <a 'sun/nio/fs/WindowsException'> (0x00000000ec929f30) thrown at [C:\re\workspace\8-2-build-windows-amd64-cygwin\jdk8u181\11358\hotspot\src\share\vm\prims\jni.cpp, line 709]
Event: 2170.845 Thread 0x00000000170fb800 Exception <a 'java/io/IOException'> (0x00000000efa87ee8) thrown at [C:\re\workspace\8-2-build-windows-amd64-cygwin\jdk8u181\11358\hotspot\src\share\vm\prims\jni.cpp, line 709]
Event: 2170.848 Thread 0x00000000170fb800 Exception <a 'java/lang/reflect/InvocationTargetException'> (0x00000000efb08c60) thrown at [C:\re\workspace\8-2-build-windows-amd64-cygwin\jdk8u181\11358\hotspot\src\share\vm\runtime\reflection.cpp, line 1092]

Events (10 events):
Event: 2170.851 loading class org/gradle/internal/exceptions/LocationAwareException$1
Event: 2170.851 loading class org/gradle/internal/exceptions/LocationAwareException$1 done
Event: 2170.852 loading class org/codehaus/groovy/runtime/StackTraceUtils
Event: 2170.852 loading class org/codehaus/groovy/runtime/StackTraceUtils done
Event: 2170.852 Thread 0x00000000170fa000 Uncommon trap: trap_request=0xffffff65 fr.pc=0x0000000002b55330
Event: 2170.852 Thread 0x00000000170fa000 DEOPT PACKING pc=0x0000000002b55330 sp=0x00000000297eee70
Event: 2170.852 Thread 0x00000000170fa000 DEOPT UNPACKING pc=0x00000000026d583b sp=0x00000000297eeda8 mode 2
Event: 2170.853 loading class org/gradle/internal/buildevents/BuildExceptionReporter$FailureDetails
Event: 2170.853 loading class org/gradle/internal/buildevents/BuildExceptionReporter$FailureDetails done
Event: 2170.853 Executing VM operation: BulkRevokeBias


Dynamic libraries:
0x00007ff7b77d0000 - 0x00007ff7b7807000 	C:\Program Files\Java\jdk1.8.0_181\bin\java.exe
0x00007ff976f00000 - 0x00007ff9770e1000 	C:\WINDOWS\SYSTEM32\ntdll.dll
0x00007ff9754b0000 - 0x00007ff975561000 	C:\WINDOWS\System32\KERNEL32.DLL
0x00007ff973440000 - 0x00007ff9736b3000 	C:\WINDOWS\System32\KERNELBASE.dll
0x00007ff9750f0000 - 0x00007ff975191000 	C:\WINDOWS\System32\ADVAPI32.dll
0x00007ff975360000 - 0x00007ff9753fe000 	C:\WINDOWS\System32\msvcrt.dll
0x00007ff975570000 - 0x00007ff9755cb000 	C:\WINDOWS\System32\sechost.dll
0x00007ff974be0000 - 0x00007ff974d04000 	C:\WINDOWS\System32\RPCRT4.dll
0x00007ff9751d0000 - 0x00007ff975360000 	C:\WINDOWS\System32\USER32.dll
0x00007ff973420000 - 0x00007ff973440000 	C:\WINDOWS\System32\win32u.dll
0x00007ff974690000 - 0x00007ff9746b8000 	C:\WINDOWS\System32\GDI32.dll
0x00007ff9736c0000 - 0x00007ff973852000 	C:\WINDOWS\System32\gdi32full.dll
0x00007ff973be0000 - 0x00007ff973c7f000 	C:\WINDOWS\System32\msvcp_win.dll
0x00007ff973320000 - 0x00007ff973418000 	C:\WINDOWS\System32\ucrtbase.dll
0x00007ff95f7b0000 - 0x00007ff95fa19000 	C:\WINDOWS\WinSxS\amd64_microsoft.windows.common-controls_6595b64144ccf1df_6.0.17134.706_none_fb43a2cb30647007\COMCTL32.dll
0x00007ff974790000 - 0x00007ff974ab2000 	C:\WINDOWS\System32\combase.dll
0x00007ff973970000 - 0x00007ff9739ea000 	C:\WINDOWS\System32\bcryptPrimitives.dll
0x00007ff9751a0000 - 0x00007ff9751cd000 	C:\WINDOWS\System32\IMM32.DLL
0x0000000069c00000 - 0x0000000069cd2000 	C:\Program Files\Java\jdk1.8.0_181\jre\bin\msvcr100.dll
0x0000000069350000 - 0x0000000069bf2000 	C:\Program Files\Java\jdk1.8.0_181\jre\bin\server\jvm.dll
0x00007ff974ee0000 - 0x00007ff974ee8000 	C:\WINDOWS\System32\PSAPI.DLL
0x00007ff9653c0000 - 0x00007ff9653c9000 	C:\WINDOWS\SYSTEM32\WSOCK32.dll
0x00007ff96b620000 - 0x00007ff96b62a000 	C:\WINDOWS\SYSTEM32\VERSION.dll
0x00007ff970a40000 - 0x00007ff970a63000 	C:\WINDOWS\SYSTEM32\WINMM.dll
0x00007ff974d10000 - 0x00007ff974d7c000 	C:\WINDOWS\System32\WS2_32.dll
0x00007ff970a10000 - 0x00007ff970a3a000 	C:\WINDOWS\SYSTEM32\WINMMBASE.dll
0x00007ff9732d0000 - 0x00007ff973319000 	C:\WINDOWS\System32\cfgmgr32.dll
0x0000000069340000 - 0x000000006934f000 	C:\Program Files\Java\jdk1.8.0_181\jre\bin\verify.dll
0x0000000069310000 - 0x0000000069339000 	C:\Program Files\Java\jdk1.8.0_181\jre\bin\java.dll
0x00000000692f0000 - 0x0000000069306000 	C:\Program Files\Java\jdk1.8.0_181\jre\bin\zip.dll
0x00007ff9755e0000 - 0x00007ff976a20000 	C:\WINDOWS\System32\SHELL32.dll
0x00007ff975400000 - 0x00007ff9754a9000 	C:\WINDOWS\System32\shcore.dll
0x00007ff973c80000 - 0x00007ff97438d000 	C:\WINDOWS\System32\windows.storage.dll
0x00007ff974b80000 - 0x00007ff974bd1000 	C:\WINDOWS\System32\shlwapi.dll
0x00007ff973290000 - 0x00007ff9732a1000 	C:\WINDOWS\System32\kernel.appcore.dll
0x00007ff9732b0000 - 0x00007ff9732cf000 	C:\WINDOWS\System32\profapi.dll
0x00007ff973240000 - 0x00007ff97328c000 	C:\WINDOWS\System32\powrprof.dll
0x00007ff973230000 - 0x00007ff97323a000 	C:\WINDOWS\System32\FLTLIB.DLL
0x00000000692d0000 - 0x00000000692ea000 	C:\Program Files\Java\jdk1.8.0_181\jre\bin\net.dll
0x00007ff972a90000 - 0x00007ff972af6000 	C:\WINDOWS\system32\mswsock.dll
0x00000000692b0000 - 0x00000000692c1000 	C:\Program Files\Java\jdk1.8.0_181\jre\bin\nio.dll
0x00007ff963cb0000 - 0x00007ff963cce000 	C:\Users\danie\.gradle\native\25\windows-amd64\native-platform.dll
0x00000000692a0000 - 0x00000000692ad000 	C:\Program Files\Java\jdk1.8.0_181\jre\bin\management.dll
0x00007ff972c40000 - 0x00007ff972c57000 	C:\WINDOWS\SYSTEM32\CRYPTSP.dll
0x00007ff972670000 - 0x00007ff9726a3000 	C:\WINDOWS\system32\rsaenh.dll
0x00007ff972d70000 - 0x00007ff972d95000 	C:\WINDOWS\SYSTEM32\bcrypt.dll
0x00007ff973140000 - 0x00007ff973168000 	C:\WINDOWS\SYSTEM32\USERENV.dll
0x00007ff972c60000 - 0x00007ff972c6b000 	C:\WINDOWS\SYSTEM32\CRYPTBASE.dll
0x00007ff972810000 - 0x00007ff972848000 	C:\WINDOWS\SYSTEM32\IPHLPAPI.DLL
0x00007ff974680000 - 0x00007ff974688000 	C:\WINDOWS\System32\NSI.dll
0x00007ff96c040000 - 0x00007ff96c056000 	C:\WINDOWS\SYSTEM32\dhcpcsvc6.DLL
0x00007ff96c290000 - 0x00007ff96c2aa000 	C:\WINDOWS\SYSTEM32\dhcpcsvc.DLL
0x00007ff972850000 - 0x00007ff97290e000 	C:\WINDOWS\SYSTEM32\DNSAPI.dll
0x00007ff964130000 - 0x00007ff96413a000 	C:\Windows\System32\rasadhlp.dll
0x00007ff964930000 - 0x00007ff9649a2000 	C:\WINDOWS\System32\fwpuclnt.dll

VM Arguments:
jvm_args: -XX:+HeapDumpOnOutOfMemoryError -Xmx1024m -Dfile.encoding=windows-1252 -Duser.country=BR -Duser.language=pt -Duser.variant 
java_command: org.gradle.launcher.daemon.bootstrap.GradleDaemon 4.10.2
java_class_path (initial): C:\Users\danie\.gradle\wrapper\dists\gradle-4.10.2-all\9fahxiiecdb76a5g3aw9oi8rv\gradle-4.10.2\lib\gradle-launcher-4.10.2.jar
Launcher Type: SUN_STANDARD

Environment Variables:
JAVA_HOME=C:\Program Files\Java\jdk1.8.0_181
CLASSPATH=C:\Users\danie\Documents\React\adedonha\android\\gradle\wrapper\gradle-wrapper.jar
PATH=C:\Users\danie\bin;C:\Program Files\Git\mingw64\bin;C:\Program Files\Git\usr\local\bin;C:\Program Files\Git\usr\bin;C:\Program Files\Git\usr\bin;C:\Program Files\Git\mingw64\bin;C:\Program Files\Git\usr\bin;C:\Users\danie\bin;C:\Program Files (x86)\Common Files\Oracle\Java\javapath;C:\Program Files (x86)\Intel\iCLS Client;C:\Program Files\Intel\iCLS Client;C:\windows\system32;C:\windows;C:\windows\System32\Wbem;C:\windows\System32\WindowsPowerShell\v1.0;C:\Program Files (x86)\NVIDIA Corporation\PhysX\Common;C:\Program Files (x86)\Intel\Intel(R) Management Engine Components\DAL;C:\Program Files\Intel\Intel(R) Management Engine Components\DAL;C:\Program Files (x86)\Intel\Intel(R) Management Engine Components\IPT;C:\Program Files\Intel\Intel(R) Management Engine Components\IPT;C:\WINDOWS\system32;C:\WINDOWS;C:\WINDOWS\System32\Wbem;C:\WINDOWS\System32\WindowsPowerShell\v1.0;C:\WINDOWS\System32\OpenSSH;C:\Program Files\apache-maven-3.5.4\bin;C:\Program Files\Git\cmd;C:\PostgreSQL\pg10\bin;C:\Program Files\nodejs;C:\gradle-5.3\bin;%ANDROID_HOME%\tools;%ANDROID_HOME%\platform-tools;C:\Users\danie\AppData\Local\Microsoft\WindowsApps;C:\Program Files\apache-maven-3.5.4\bin;C:\Program Files\Java\jdk1.8.0_181\bin;C:\Users\danie\AppData\Roaming\npm;C:\Users\danie\AppData\Local\Programs\Microsoft VS Code\bin;C:\Program Files (x86)\Minimal ADB and Fastboot;C:\Program Files\Git\usr\bin\vendor_perl;C:\Program Files\Git\usr\bin\core_perl
USERNAME=danie
SHELL=C:\Program Files\Git\usr\bin\bash.exe
DISPLAY=needs-to-be-defined
OS=Windows_NT
PROCESSOR_IDENTIFIER=Intel64 Family 6 Model 142 Stepping 9, GenuineIntel



---------------  S Y S T E M  ---------------

OS: Windows 10.0 , 64 bit Build 17134 (10.0.17134.706)

CPU:total 4 (initial active 4) (2 cores per cpu, 2 threads per core) family 6 model 142 stepping 9, cmov, cx8, fxsr, mmx, sse, sse2, sse3, ssse3, sse4.1, sse4.2, popcnt, avx, avx2, aes, clmul, erms, 3dnowpref, lzcnt, ht, tsc, tscinvbit, bmi1, bmi2, adx

Memory: 4k page, physical 8296228k(1305852k free), swap 8296228k(0k free)

vm_info: Java HotSpot(TM) 64-Bit Server VM (25.181-b13) for windows-amd64 JRE (1.8.0_181-b13), built on Jul  7 2018 04:01:33 by "java_re" with MS VC++ 10.0 (VS2010)

time: Mon Apr 15 14:13:00 2019
elapsed time: 2170 seconds (0d 0h 36m 10s)

