#
# There is insufficient memory for the Java Runtime Environment to continue.
# Native memory allocation (malloc) failed to allocate 79936 bytes for Chunk::new
# Possible reasons:
#   The system is out of physical RAM or swap space
#   In 32 bit mode, the process size limit was hit
# Possible solutions:
#   Reduce memory load on the system
#   Increase physical memory or swap space
#   Check if swap backing store is full
#   Use 64 bit Java on a 64 bit OS
#   Decrease Java heap size (-Xmx/-Xms)
#   Decrease number of Java threads
#   Decrease Java thread stack sizes (-Xss)
#   Set larger code cache with -XX:ReservedCodeCacheSize=
# This output file may be truncated or incomplete.
#
#  Out of Memory Error (allocation.cpp:390), pid=11012, tid=0x0000000000001e8c
#
# JRE version: Java(TM) SE Runtime Environment (8.0_181-b13) (build 1.8.0_181-b13)
# Java VM: Java HotSpot(TM) 64-Bit Server VM (25.181-b13 mixed mode windows-amd64 compressed oops)
# Failed to write core dump. Minidumps are not enabled by default on client versions of Windows
#

---------------  T H R E A D  ---------------

Current thread (0x000000001703f800):  JavaThread "C2 CompilerThread0" daemon [_thread_in_native, id=7820, stack(0x00000000186c0000,0x00000000187c0000)]

Stack: [0x00000000186c0000,0x00000000187c0000]
[error occurred during error reporting (printing stack bounds), id 0xc0000005]

Native frames: (J=compiled Java code, j=interpreted, Vv=VM code, C=native code)


Current CompileTask:
C2:    265  306       4       java.lang.String::replace (127 bytes)


---------------  P R O C E S S  ---------------

Java Threads: ( => current thread )
  0x00000000189f8800 JavaThread "Service Thread" daemon [_thread_blocked, id=13708, stack(0x0000000018dc0000,0x0000000018ec0000)]
  0x0000000017046800 JavaThread "C1 CompilerThread2" daemon [_thread_blocked, id=13220, stack(0x00000000188c0000,0x00000000189c0000)]
  0x0000000017043800 JavaThread "C2 CompilerThread1" daemon [_thread_blocked, id=15028, stack(0x00000000187c0000,0x00000000188c0000)]
=>0x000000001703f800 JavaThread "C2 CompilerThread0" daemon [_thread_in_native, id=7820, stack(0x00000000186c0000,0x00000000187c0000)]
  0x000000001704d800 JavaThread "Attach Listener" daemon [_thread_blocked, id=12232, stack(0x00000000185c0000,0x00000000186c0000)]
  0x000000001704c800 JavaThread "Signal Dispatcher" daemon [_thread_blocked, id=10660, stack(0x00000000184c0000,0x00000000185c0000)]
  0x00000000024dc000 JavaThread "Finalizer" daemon [_thread_blocked, id=2284, stack(0x00000000182b0000,0x00000000183b0000)]
  0x00000000024d3800 JavaThread "Reference Handler" daemon [_thread_blocked, id=12468, stack(0x00000000181b0000,0x00000000182b0000)]
  0x0000000000a0e800 JavaThread "main" [_thread_in_vm, id=8632, stack(0x00000000022e0000,0x00000000023e0000)]

Other Threads:
  0x0000000017007800 VMThread [stack: 0x00000000180b0000,0x00000000181b0000] [id=10704]
  0x000000001709e800 WatcherThread [stack: 0x0000000018ec0000,0x0000000018fc0000] [id=14328]

VM state:not at safepoint (normal execution)

VM Mutex/Monitor currently owned by a thread: None

Heap:
 PSYoungGen      total 38400K, used 8653K [0x00000000d5d00000, 0x00000000d8780000, 0x0000000100000000)
  eden space 33280K, 26% used [0x00000000d5d00000,0x00000000d65734b8,0x00000000d7d80000)
  from space 5120K, 0% used [0x00000000d8280000,0x00000000d8280000,0x00000000d8780000)
  to   space 5120K, 0% used [0x00000000d7d80000,0x00000000d7d80000,0x00000000d8280000)
 ParOldGen       total 87552K, used 0K [0x0000000081600000, 0x0000000086b80000, 0x00000000d5d00000)
  object space 87552K, 0% used [0x0000000081600000,0x0000000081600000,0x0000000086b80000)
 Metaspace       used 4780K, capacity 5244K, committed 5376K, reserved 1056768K
  class space    used 566K, capacity 644K, committed 768K, reserved 1048576K

Card table byte_map: [0x00000000118a0000,0x0000000011ca0000] byte_map_base: 0x0000000011495000

Marking Bits: (ParMarkBitMap*) 0x00000000574e2d00
 Begin Bits: [0x0000000012350000, 0x00000000142f8000)
 End Bits:   [0x00000000142f8000, 0x00000000162a0000)

Polling page: 0x00000000004f0000

CodeCache: size=245760Kb used=1753Kb max_used=1753Kb free=244006Kb
 bounds [0x00000000024e0000, 0x0000000002750000, 0x00000000114e0000]
 total_blobs=588 nmethods=311 adapters=190
 compilation: enabled

Compilation events (10 events):
Event: 0.261 Thread 0x0000000017046800 nmethod 304 0x0000000002692890 code [0x0000000002692a40, 0x0000000002693018]
Event: 0.261 Thread 0x0000000017046800  305       3       java.net.URLClassLoader$1::<init> (15 bytes)
Event: 0.261 Thread 0x0000000017046800 nmethod 305 0x00000000026924d0 code [0x0000000002692620, 0x00000000026927f0]
Event: 0.262 Thread 0x000000001703f800  306       4       java.lang.String::replace (127 bytes)
Event: 0.262 Thread 0x0000000017046800  307       3       java.lang.ref.WeakReference::<init> (7 bytes)
Event: 0.262 Thread 0x0000000017046800 nmethod 307 0x0000000002691fd0 code [0x0000000002692140, 0x00000000026923f0]
Event: 0.263 Thread 0x0000000017046800  308       3       java.io.FilterInputStream::<init> (10 bytes)
Event: 0.263 Thread 0x0000000017046800 nmethod 308 0x0000000002694f50 code [0x00000000026950c0, 0x0000000002695310]
Event: 0.263 Thread 0x0000000017046800  309       1       java.util.jar.Manifest::getMainAttributes (5 bytes)
Event: 0.263 Thread 0x0000000017046800 nmethod 309 0x0000000002691d10 code [0x0000000002691e60, 0x0000000002691f70]

GC Heap History (0 events):
No events

Deoptimization events (1 events):
Event: 0.228 Thread 0x0000000000a0e800 Uncommon trap: reason=unstable_if action=reinterpret pc=0x0000000002662978 method=java.lang.String.startsWith(Ljava/lang/String;I)Z @ 25

Classes redefined (0 events):
No events

Internal exceptions (6 events):
Event: 0.030 Thread 0x0000000000a0e800 Exception <a 'java/lang/NoSuchMethodError': Method sun.misc.Unsafe.defineClass(Ljava/lang/String;[BII)Ljava/lang/Class; name or signature does not match> (0x00000000d5d07cb0) thrown at [C:\re\workspace\8-2-build-windows-amd64-cygwin\jdk8u181\11358\hotspot
Event: 0.030 Thread 0x0000000000a0e800 Exception <a 'java/lang/NoSuchMethodError': Method sun.misc.Unsafe.prefetchRead(Ljava/lang/Object;J)V name or signature does not match> (0x00000000d5d07f98) thrown at [C:\re\workspace\8-2-build-windows-amd64-cygwin\jdk8u181\11358\hotspot\src\share\vm\prim
Event: 0.115 Thread 0x0000000000a0e800 Exception <a 'java/security/PrivilegedActionException'> (0x00000000d5ec0160) thrown at [C:\re\workspace\8-2-build-windows-amd64-cygwin\jdk8u181\11358\hotspot\src\share\vm\prims\jvm.cpp, line 1435]
Event: 0.115 Thread 0x0000000000a0e800 Exception <a 'java/security/PrivilegedActionException'> (0x00000000d5ec0370) thrown at [C:\re\workspace\8-2-build-windows-amd64-cygwin\jdk8u181\11358\hotspot\src\share\vm\prims\jvm.cpp, line 1435]
Event: 0.115 Thread 0x0000000000a0e800 Exception <a 'java/security/PrivilegedActionException'> (0x00000000d5ec4280) thrown at [C:\re\workspace\8-2-build-windows-amd64-cygwin\jdk8u181\11358\hotspot\src\share\vm\prims\jvm.cpp, line 1435]
Event: 0.115 Thread 0x0000000000a0e800 Exception <a 'java/security/PrivilegedActionException'> (0x00000000d5ec4490) thrown at [C:\re\workspace\8-2-build-windows-amd64-cygwin\jdk8u181\11358\hotspot\src\share\vm\prims\jvm.cpp, line 1435]

Events (10 events):
Event: 0.263 loading class org/gradle/internal/logging/config/LoggingSourceSystem
Event: 0.263 loading class org/gradle/internal/logging/config/LoggingSourceSystem done
Event: 0.263 loading class org/gradle/internal/logging/config/LoggingSystem
Event: 0.263 loading class org/gradle/internal/logging/config/LoggingSystem done
Event: 0.263 loading class org/gradle/internal/logging/config/LoggingConfigurer
Event: 0.263 loading class org/gradle/internal/logging/config/LoggingConfigurer done
Event: 0.263 loading class org/gradle/internal/logging/config/LoggingRouter
Event: 0.263 loading class org/gradle/internal/logging/config/LoggingRouter done
Event: 0.264 loading class org/gradle/internal/logging/LoggingOutputInternal
Event: 0.264 loading class org/gradle/internal/logging/LoggingOutputInternal done


Dynamic libraries:
0x00007ff6cc7c0000 - 0x00007ff6cc7f7000 	C:\Program Files\Java\jdk1.8.0_181\bin\java.exe
0x00007ffbe6490000 - 0x00007ffbe6671000 	C:\WINDOWS\SYSTEM32\ntdll.dll
0x00007ffbe4670000 - 0x00007ffbe4721000 	C:\WINDOWS\System32\KERNEL32.DLL
0x00007ffbe2a80000 - 0x00007ffbe2cf3000 	C:\WINDOWS\System32\KERNELBASE.dll
0x00007ffbe4560000 - 0x00007ffbe4601000 	C:\WINDOWS\System32\ADVAPI32.dll
0x00007ffbe40b0000 - 0x00007ffbe414e000 	C:\WINDOWS\System32\msvcrt.dll
0x00007ffbe4610000 - 0x00007ffbe466b000 	C:\WINDOWS\System32\sechost.dll
0x00007ffbe3de0000 - 0x00007ffbe3f04000 	C:\WINDOWS\System32\RPCRT4.dll
0x00007ffbe4a30000 - 0x00007ffbe4bc0000 	C:\WINDOWS\System32\USER32.dll
0x00007ffbe3140000 - 0x00007ffbe3160000 	C:\WINDOWS\System32\win32u.dll
0x00007ffbe4220000 - 0x00007ffbe4248000 	C:\WINDOWS\System32\GDI32.dll
0x00007ffbe2860000 - 0x00007ffbe29f2000 	C:\WINDOWS\System32\gdi32full.dll
0x00007ffbe30a0000 - 0x00007ffbe313f000 	C:\WINDOWS\System32\msvcp_win.dll
0x00007ffbe2d50000 - 0x00007ffbe2e48000 	C:\WINDOWS\System32\ucrtbase.dll
0x00007ffbd3080000 - 0x00007ffbd32e9000 	C:\WINDOWS\WinSxS\amd64_microsoft.windows.common-controls_6595b64144ccf1df_6.0.17134.706_none_fb43a2cb30647007\COMCTL32.dll
0x00007ffbe6000000 - 0x00007ffbe6322000 	C:\WINDOWS\System32\combase.dll
0x00007ffbe2a00000 - 0x00007ffbe2a7a000 	C:\WINDOWS\System32\bcryptPrimitives.dll
0x00007ffbe6330000 - 0x00007ffbe635d000 	C:\WINDOWS\System32\IMM32.DLL
0x0000000057570000 - 0x0000000057642000 	C:\Program Files\Java\jdk1.8.0_181\jre\bin\msvcr100.dll
0x0000000056cc0000 - 0x0000000057562000 	C:\Program Files\Java\jdk1.8.0_181\jre\bin\server\jvm.dll
0x00007ffbe4950000 - 0x00007ffbe4958000 	C:\WINDOWS\System32\PSAPI.DLL
0x00007ffbdf1b0000 - 0x00007ffbdf1b9000 	C:\WINDOWS\SYSTEM32\WSOCK32.dll
0x00007ffbe0420000 - 0x00007ffbe0443000 	C:\WINDOWS\SYSTEM32\WINMM.dll
0x00007ffbd8eb0000 - 0x00007ffbd8eba000 	C:\WINDOWS\SYSTEM32\VERSION.dll
0x00007ffbe4960000 - 0x00007ffbe49cc000 	C:\WINDOWS\System32\WS2_32.dll
0x00007ffbdfe20000 - 0x00007ffbdfe4a000 	C:\WINDOWS\SYSTEM32\winmmbase.dll
0x00007ffbe2d00000 - 0x00007ffbe2d49000 	C:\WINDOWS\System32\cfgmgr32.dll
0x00000000576c0000 - 0x00000000576cf000 	C:\Program Files\Java\jdk1.8.0_181\jre\bin\verify.dll
0x0000000057690000 - 0x00000000576b9000 	C:\Program Files\Java\jdk1.8.0_181\jre\bin\java.dll
0x0000000057670000 - 0x0000000057686000 	C:\Program Files\Java\jdk1.8.0_181\jre\bin\zip.dll
0x00007ffbe4bc0000 - 0x00007ffbe6000000 	C:\WINDOWS\System32\SHELL32.dll
0x00007ffbe48a0000 - 0x00007ffbe4949000 	C:\WINDOWS\System32\shcore.dll
0x00007ffbe3210000 - 0x00007ffbe391d000 	C:\WINDOWS\System32\windows.storage.dll
0x00007ffbe49d0000 - 0x00007ffbe4a21000 	C:\WINDOWS\System32\shlwapi.dll
0x00007ffbe2810000 - 0x00007ffbe2821000 	C:\WINDOWS\System32\kernel.appcore.dll
0x00007ffbe2840000 - 0x00007ffbe285f000 	C:\WINDOWS\System32\profapi.dll
0x00007ffbe27a0000 - 0x00007ffbe27ec000 	C:\WINDOWS\System32\powrprof.dll
0x00007ffbe2830000 - 0x00007ffbe283a000 	C:\WINDOWS\System32\FLTLIB.DLL
0x0000000056ca0000 - 0x0000000056cba000 	C:\Program Files\Java\jdk1.8.0_181\jre\bin\net.dll
0x00007ffbe2020000 - 0x00007ffbe2086000 	C:\WINDOWS\system32\mswsock.dll
0x0000000056c80000 - 0x0000000056c91000 	C:\Program Files\Java\jdk1.8.0_181\jre\bin\nio.dll

VM Arguments:
jvm_args: -Dorg.gradle.appname=gradlew 
java_command: org.gradle.wrapper.GradleWrapperMain app:installDebug
java_class_path (initial): C:\Users\danie\Documents\React\adedonha\android\\gradle\wrapper\gradle-wrapper.jar
Launcher Type: SUN_STANDARD

Environment Variables:
JAVA_HOME=C:\Program Files\Java\jdk1.8.0_181
CLASSPATH=C:\Users\danie\Documents\React\adedonha\android\\gradle\wrapper\gradle-wrapper.jar
PATH=C:\Users\danie\bin;C:\Program Files\Git\mingw64\bin;C:\Program Files\Git\usr\local\bin;C:\Program Files\Git\usr\bin;C:\Program Files\Git\usr\bin;C:\Program Files\Git\mingw64\bin;C:\Program Files\Git\usr\bin;C:\Users\danie\bin;C:\Program Files (x86)\Common Files\Oracle\Java\javapath;C:\Program Files (x86)\Intel\iCLS Client;C:\Program Files\Intel\iCLS Client;C:\windows\system32;C:\windows;C:\windows\System32\Wbem;C:\windows\System32\WindowsPowerShell\v1.0;C:\Program Files (x86)\NVIDIA Corporation\PhysX\Common;C:\Program Files (x86)\Intel\Intel(R) Management Engine Components\DAL;C:\Program Files\Intel\Intel(R) Management Engine Components\DAL;C:\Program Files (x86)\Intel\Intel(R) Management Engine Components\IPT;C:\Program Files\Intel\Intel(R) Management Engine Components\IPT;C:\WINDOWS\system32;C:\WINDOWS;C:\WINDOWS\System32\Wbem;C:\WINDOWS\System32\WindowsPowerShell\v1.0;C:\WINDOWS\System32\OpenSSH;C:\Program Files\apache-maven-3.5.4\bin;C:\Program Files\Git\cmd;C:\PostgreSQL\pg10\bin;C:\Program Files\nodejs;C:\gradle-5.3\bin;%ANDROID_HOME%\tools;%ANDROID_HOME%\platform-tools;C:\Users\danie\AppData\Local\Microsoft\WindowsApps;C:\Program Files\apache-maven-3.5.4\bin;C:\Program Files\Java\jdk1.8.0_181\bin;C:\Users\danie\AppData\Roaming\npm;C:\Users\danie\AppData\Local\Programs\Microsoft VS Code\bin;C:\Program Files (x86)\Minimal ADB and Fastboot;C:\Program Files\Git\usr\bin\vendor_perl;C:\Program Files\Git\usr\bin\core_perl
USERNAME=danie
SHELL=C:\Program Files\Git\usr\bin\bash.exe
DISPLAY=needs-to-be-defined
OS=Windows_NT
PROCESSOR_IDENTIFIER=Intel64 Family 6 Model 142 Stepping 9, GenuineIntel



---------------  S Y S T E M  ---------------

OS: Windows 10.0 , 64 bit Build 17134 (10.0.17134.706)

CPU:total 4 (initial active 4) (2 cores per cpu, 2 threads per core) family 6 model 142 stepping 9, cmov, cx8, fxsr, mmx, sse, sse2, sse3, ssse3, sse4.1, sse4.2, popcnt, avx, avx2, aes, clmul, erms, 3dnowpref, lzcnt, ht, tsc, tscinvbit, bmi1, bmi2, adx

Memory: 4k page, physical 8296228k(1380400k free), swap 8296228k(4080k free)

vm_info: Java HotSpot(TM) 64-Bit Server VM (25.181-b13) for windows-amd64 JRE (1.8.0_181-b13), built on Jul  7 2018 04:01:33 by "java_re" with MS VC++ 10.0 (VS2010)

time: Tue Apr 16 15:17:26 2019
elapsed time: 0 seconds (0d 0h 0m 0s)

