JvmtiExport can_access_local_variables 0
JvmtiExport can_hotswap_or_post_breakpoint 0
JvmtiExport can_post_on_exceptions 0
# 146 ciObject found
ciMethod java/lang/String equals (Ljava/lang/Object;)Z 3113 13777 10554 0 -1
ciMethod java/lang/String equalsIgnoreCase (Ljava/lang/String;)Z 2065 1 13767 0 1568
ciMethod java/lang/String regionMatches (ZILjava/lang/String;II)Z 1609 625 6173 0 0
ciMethod java/net/URL getPort ()I 1025 1 128 0 0
ciMethod java/net/URL getProtocol ()Ljava/lang/String; 1049 1 131 0 0
ciMethod java/net/URL getHost ()Ljava/lang/String; 1025 1 128 0 0
ciMethod java/net/URL getFile ()Ljava/lang/String; 1137 1 142 0 0
ciMethod java/lang/Character toLowerCase (C)C 2065 1 24587 0 0
ciMethod java/lang/Character toLowerCase (I)I 4097 1 245249 0 160
ciMethod java/lang/Character toUpperCase (C)C 2049 1 18821 0 0
ciMethod java/lang/Character toUpperCase (I)I 2049 1 19604 0 0
ciMethod java/lang/CharacterData toLowerCase (I)I 0 0 1 0 -1
ciMethod java/lang/CharacterData toUpperCase (I)I 0 0 1 0 -1
ciMethod java/lang/CharacterData of (I)Ljava/lang/CharacterData; 4097 1 7123 0 96
ciMethod java/lang/CharacterDataLatin1 getProperties (I)I 4097 1 40956 0 0
ciMethod java/lang/CharacterDataLatin1 toLowerCase (I)I 4097 1 7126 0 160
ciMethod java/lang/CharacterDataLatin1 toUpperCase (I)I 3073 1 5665 0 160
ciMethodData java/lang/Character toLowerCase (I)I 2 245249 orig 264 88 115 160 82 0 0 0 0 40 180 164 20 0 0 0 0 136 1 0 0 0 0 0 0 0 0 0 0 0 0 0 0 0 0 0 0 0 0 0 0 0 0 0 0 0 0 0 0 0 0 0 0 0 0 0 0 0 0 0 0 0 0 0 0 0 0 0 0 0 0 0 0 0 0 0 0 0 0 0 0 77 68 79 32 101 120 116 114 97 32 100 97 116 97 32 108 111 99 107 0 0 0 0 0 0 0 0 0 0 0 0 0 0 0 0 0 0 0 0 0 0 0 0 0 0 0 0 0 0 0 0 0 0 0 0 0 0 0 0 0 0 0 0 0 0 0 0 0 0 0 0 0 0 0 0 0 0 0 0 0 0 0 0 0 0 0 0 0 0 0 0 0 0 0 0 0 0 0 0 0 0 0 0 0 25 0 0 0 0 0 0 0 0 0 0 0 0 0 0 0 0 0 0 0 0 0 0 0 0 0 0 0 0 0 0 0 0 2 0 0 9 224 29 0 1 0 0 0 0 0 0 0 0 0 0 0 2 0 0 0 0 0 3 0 2 0 0 0 64 0 0 0 255 255 255 255 2 0 1 0 0 0 0 0 data 8 0x10002 0x3bc01 0x50005 0x0 0x1a3989b0 0x3bc01 0x0 0x0 oops 1